{"__type":"$$EventMessageWorkflow","id":"bf37e4aa-63ab-4a18-81f7-6cdfda067fe7","ts":"2025-08-07T04:56:21.993-04:00","eventName":"n8n.workflow.started","message":"n8n.workflow.started","payload":{"executionId":"462","workflowId":"AR0VXG3JTocqYcyJ","isManual":false,"workflowName":"Agendamentos Odonto"}}
{"__type":"$$EventMessageConfirm","confirm":"bf37e4aa-63ab-4a18-81f7-6cdfda067fe7","ts":"2025-08-07T04:56:21.998-04:00","source":{"id":"0","name":"eventBus"}}
{"__type":"$$EventMessageNode","id":"0968e82e-3776-4b19-a37d-27802c7eecb5","ts":"2025-08-07T04:56:22.003-04:00","eventName":"n8n.node.started","message":"n8n.node.started","payload":{"workflowId":"AR0VXG3JTocqYcyJ","workflowName":"Agendamentos Odonto","executionId":"462","nodeType":"n8n-nodes-base.webhook","nodeName":"Webhook","nodeId":"949a9cd5-f6a8-408d-8b8b-a63ba45ce8fb"}}
{"__type":"$$EventMessageConfirm","confirm":"0968e82e-3776-4b19-a37d-27802c7eecb5","ts":"2025-08-07T04:56:22.004-04:00","source":{"id":"0","name":"eventBus"}}
{"__type":"$$EventMessageNode","id":"ae3481a7-67c5-4b46-8b86-23656a45f715","ts":"2025-08-07T04:56:22.015-04:00","eventName":"n8n.node.finished","message":"n8n.node.finished","payload":{"workflowId":"AR0VXG3JTocqYcyJ","workflowName":"Agendamentos Odonto","executionId":"462","nodeType":"n8n-nodes-base.webhook","nodeName":"Webhook","nodeId":"949a9cd5-f6a8-408d-8b8b-a63ba45ce8fb"}}
{"__type":"$$EventMessageConfirm","confirm":"ae3481a7-67c5-4b46-8b86-23656a45f715","ts":"2025-08-07T04:56:22.019-04:00","source":{"id":"0","name":"eventBus"}}
{"__type":"$$EventMessageNode","id":"e19a6a16-f304-4e87-b252-49d2b40c68eb","ts":"2025-08-07T04:56:22.021-04:00","eventName":"n8n.node.started","message":"n8n.node.started","payload":{"workflowId":"AR0VXG3JTocqYcyJ","workflowName":"Agendamentos Odonto","executionId":"462","nodeType":"n8n-nodes-base.code","nodeName":"Validador de dados","nodeId":"f3c12549-1930-480f-bb28-528d85fc71b4"}}
{"__type":"$$EventMessageConfirm","confirm":"e19a6a16-f304-4e87-b252-49d2b40c68eb","ts":"2025-08-07T04:56:22.022-04:00","source":{"id":"0","name":"eventBus"}}
{"__type":"$$EventMessageNode","id":"abc3c57d-44a9-4b21-9148-31a86e42872c","ts":"2025-08-07T04:56:22.205-04:00","eventName":"n8n.node.finished","message":"n8n.node.finished","payload":{"workflowId":"AR0VXG3JTocqYcyJ","workflowName":"Agendamentos Odonto","executionId":"462","nodeType":"n8n-nodes-base.code","nodeName":"Validador de dados","nodeId":"f3c12549-1930-480f-bb28-528d85fc71b4"}}
{"__type":"$$EventMessageConfirm","confirm":"abc3c57d-44a9-4b21-9148-31a86e42872c","ts":"2025-08-07T04:56:22.211-04:00","source":{"id":"0","name":"eventBus"}}
{"__type":"$$EventMessageNode","id":"11279400-d994-4d2a-946d-6dd3af9ecbff","ts":"2025-08-07T04:56:22.214-04:00","eventName":"n8n.node.started","message":"n8n.node.started","payload":{"workflowId":"AR0VXG3JTocqYcyJ","workflowName":"Agendamentos Odonto","executionId":"462","nodeType":"n8n-nodes-base.postgres","nodeName":"Tradutor ID Dentistas","nodeId":"e1164ac6-572c-423e-8459-eac2974a3a2d"}}
{"__type":"$$EventMessageConfirm","confirm":"11279400-d994-4d2a-946d-6dd3af9ecbff","ts":"2025-08-07T04:56:22.215-04:00","source":{"id":"0","name":"eventBus"}}
{"__type":"$$EventMessageNode","id":"d7b2ab9f-0187-4851-9bb7-a5272bd336c8","ts":"2025-08-07T04:56:22.658-04:00","eventName":"n8n.node.finished","message":"n8n.node.finished","payload":{"workflowId":"AR0VXG3JTocqYcyJ","workflowName":"Agendamentos Odonto","executionId":"462","nodeType":"n8n-nodes-base.postgres","nodeName":"Tradutor ID Dentistas","nodeId":"e1164ac6-572c-423e-8459-eac2974a3a2d"}}
{"__type":"$$EventMessageConfirm","confirm":"d7b2ab9f-0187-4851-9bb7-a5272bd336c8","ts":"2025-08-07T04:56:22.659-04:00","source":{"id":"0","name":"eventBus"}}
{"__type":"$$EventMessageNode","id":"9160a9f5-e9a5-4257-8e71-1b817da49c99","ts":"2025-08-07T04:56:22.660-04:00","eventName":"n8n.node.started","message":"n8n.node.started","payload":{"workflowId":"AR0VXG3JTocqYcyJ","workflowName":"Agendamentos Odonto","executionId":"462","nodeType":"n8n-nodes-base.postgres","nodeName":"Tradutor ID Procedimentos","nodeId":"7859f776-3a3c-4855-917a-32eeb538ae8b"}}
{"__type":"$$EventMessageConfirm","confirm":"9160a9f5-e9a5-4257-8e71-1b817da49c99","ts":"2025-08-07T04:56:22.661-04:00","source":{"id":"0","name":"eventBus"}}
{"__type":"$$EventMessageNode","id":"7bf41083-4ffe-4077-b2cc-f8cfac09a760","ts":"2025-08-07T04:56:22.712-04:00","eventName":"n8n.node.finished","message":"n8n.node.finished","payload":{"workflowId":"AR0VXG3JTocqYcyJ","workflowName":"Agendamentos Odonto","executionId":"462","nodeType":"n8n-nodes-base.postgres","nodeName":"Tradutor ID Procedimentos","nodeId":"7859f776-3a3c-4855-917a-32eeb538ae8b"}}
{"__type":"$$EventMessageConfirm","confirm":"7bf41083-4ffe-4077-b2cc-f8cfac09a760","ts":"2025-08-07T04:56:22.713-04:00","source":{"id":"0","name":"eventBus"}}
{"__type":"$$EventMessageNode","id":"2c30f723-d104-4a7f-9313-88d47dda89d1","ts":"2025-08-07T04:56:22.718-04:00","eventName":"n8n.node.started","message":"n8n.node.started","payload":{"workflowId":"AR0VXG3JTocqYcyJ","workflowName":"Agendamentos Odonto","executionId":"462","nodeType":"n8n-nodes-base.postgres","nodeName":"Tradutor ID Convênios","nodeId":"97baab43-be79-424c-a53d-ad86b7c08346"}}
{"__type":"$$EventMessageConfirm","confirm":"2c30f723-d104-4a7f-9313-88d47dda89d1","ts":"2025-08-07T04:56:22.720-04:00","source":{"id":"0","name":"eventBus"}}
{"__type":"$$EventMessageNode","id":"de195109-e377-4468-ae78-cb29a4fe5c57","ts":"2025-08-07T04:56:22.805-04:00","eventName":"n8n.node.finished","message":"n8n.node.finished","payload":{"workflowId":"AR0VXG3JTocqYcyJ","workflowName":"Agendamentos Odonto","executionId":"462","nodeType":"n8n-nodes-base.postgres","nodeName":"Tradutor ID Convênios","nodeId":"97baab43-be79-424c-a53d-ad86b7c08346"}}
{"__type":"$$EventMessageConfirm","confirm":"de195109-e377-4468-ae78-cb29a4fe5c57","ts":"2025-08-07T04:56:22.806-04:00","source":{"id":"0","name":"eventBus"}}
{"__type":"$$EventMessageNode","id":"08f4ea75-60cf-4f97-9d70-a2644a05fcc2","ts":"2025-08-07T04:56:22.807-04:00","eventName":"n8n.node.started","message":"n8n.node.started","payload":{"workflowId":"AR0VXG3JTocqYcyJ","workflowName":"Agendamentos Odonto","executionId":"462","nodeType":"n8n-nodes-base.if","nodeName":"If","nodeId":"90fedd05-b171-4f4d-a77f-7fab5dd908e0"}}
{"__type":"$$EventMessageConfirm","confirm":"08f4ea75-60cf-4f97-9d70-a2644a05fcc2","ts":"2025-08-07T04:56:22.808-04:00","source":{"id":"0","name":"eventBus"}}
{"__type":"$$EventMessageNode","id":"8ed6e4b5-b5fb-4b6f-81cd-b361f317ca74","ts":"2025-08-07T04:56:22.919-04:00","eventName":"n8n.node.finished","message":"n8n.node.finished","payload":{"workflowId":"AR0VXG3JTocqYcyJ","workflowName":"Agendamentos Odonto","executionId":"462","nodeType":"n8n-nodes-base.if","nodeName":"If","nodeId":"90fedd05-b171-4f4d-a77f-7fab5dd908e0"}}
{"__type":"$$EventMessageConfirm","confirm":"8ed6e4b5-b5fb-4b6f-81cd-b361f317ca74","ts":"2025-08-07T04:56:22.927-04:00","source":{"id":"0","name":"eventBus"}}
{"__type":"$$EventMessageNode","id":"e3bb5c86-2396-4057-af01-a7b3e584dc8b","ts":"2025-08-07T04:56:22.929-04:00","eventName":"n8n.node.started","message":"n8n.node.started","payload":{"workflowId":"AR0VXG3JTocqYcyJ","workflowName":"Agendamentos Odonto","executionId":"462","nodeType":"n8n-nodes-base.code","nodeName":"Verificador de disponibilidade","nodeId":"12715929-853f-4d1e-b5b3-f1fcde008343"}}
{"__type":"$$EventMessageConfirm","confirm":"e3bb5c86-2396-4057-af01-a7b3e584dc8b","ts":"2025-08-07T04:56:22.929-04:00","source":{"id":"0","name":"eventBus"}}
{"__type":"$$EventMessageNode","id":"b3d7ed62-a772-4459-be23-8c2a8095cdae","ts":"2025-08-07T04:56:22.971-04:00","eventName":"n8n.node.finished","message":"n8n.node.finished","payload":{"workflowId":"AR0VXG3JTocqYcyJ","workflowName":"Agendamentos Odonto","executionId":"462","nodeType":"n8n-nodes-base.code","nodeName":"Verificador de disponibilidade","nodeId":"12715929-853f-4d1e-b5b3-f1fcde008343"}}
{"__type":"$$EventMessageConfirm","confirm":"b3d7ed62-a772-4459-be23-8c2a8095cdae","ts":"2025-08-07T04:56:22.973-04:00","source":{"id":"0","name":"eventBus"}}
{"__type":"$$EventMessageNode","id":"f5153078-4ec5-43d0-a1f0-40ea70755115","ts":"2025-08-07T04:56:22.981-04:00","eventName":"n8n.node.started","message":"n8n.node.started","payload":{"workflowId":"AR0VXG3JTocqYcyJ","workflowName":"Agendamentos Odonto","executionId":"462","nodeType":"n8n-nodes-base.if","nodeName":"If1","nodeId":"f3dcb38b-cf82-42eb-a2cf-ecd2409ad44c"}}
{"__type":"$$EventMessageConfirm","confirm":"f5153078-4ec5-43d0-a1f0-40ea70755115","ts":"2025-08-07T04:56:22.982-04:00","source":{"id":"0","name":"eventBus"}}
{"__type":"$$EventMessageNode","id":"aee55db7-4d0f-4fb6-920f-c92d94fd1cd2","ts":"2025-08-07T04:56:23.010-04:00","eventName":"n8n.node.finished","message":"n8n.node.finished","payload":{"workflowId":"AR0VXG3JTocqYcyJ","workflowName":"Agendamentos Odonto","executionId":"462","nodeType":"n8n-nodes-base.if","nodeName":"If1","nodeId":"f3dcb38b-cf82-42eb-a2cf-ecd2409ad44c"}}
{"__type":"$$EventMessageConfirm","confirm":"aee55db7-4d0f-4fb6-920f-c92d94fd1cd2","ts":"2025-08-07T04:56:23.011-04:00","source":{"id":"0","name":"eventBus"}}
{"__type":"$$EventMessageNode","id":"d9e0dd6c-4978-47be-8f42-07baf7f305e1","ts":"2025-08-07T04:56:23.012-04:00","eventName":"n8n.node.started","message":"n8n.node.started","payload":{"workflowId":"AR0VXG3JTocqYcyJ","workflowName":"Agendamentos Odonto","executionId":"462","nodeType":"n8n-nodes-base.googleSheets","nodeName":"Registro de agendamentos","nodeId":"d18e35a0-9fb3-462c-af4c-2269d9456d94"}}
{"__type":"$$EventMessageConfirm","confirm":"d9e0dd6c-4978-47be-8f42-07baf7f305e1","ts":"2025-08-07T04:56:23.013-04:00","source":{"id":"0","name":"eventBus"}}
{"__type":"$$EventMessageNode","id":"3f246042-a44a-40ba-a854-dc30e350c366","ts":"2025-08-07T04:56:27.058-04:00","eventName":"n8n.node.finished","message":"n8n.node.finished","payload":{"workflowId":"AR0VXG3JTocqYcyJ","workflowName":"Agendamentos Odonto","executionId":"462","nodeType":"n8n-nodes-base.googleSheets","nodeName":"Registro de agendamentos","nodeId":"d18e35a0-9fb3-462c-af4c-2269d9456d94"}}
{"__type":"$$EventMessageConfirm","confirm":"3f246042-a44a-40ba-a854-dc30e350c366","ts":"2025-08-07T04:56:27.059-04:00","source":{"id":"0","name":"eventBus"}}
{"__type":"$$EventMessageNode","id":"73c4ac9d-d267-4b9e-8540-99eb08101387","ts":"2025-08-07T04:56:27.065-04:00","eventName":"n8n.node.started","message":"n8n.node.started","payload":{"workflowId":"AR0VXG3JTocqYcyJ","workflowName":"Agendamentos Odonto","executionId":"462","nodeType":"n8n-nodes-base.code","nodeName":"Formatador de tempo","nodeId":"2097c450-6e96-4ede-8a57-cd75b37ab8d0"}}
{"__type":"$$EventMessageConfirm","confirm":"73c4ac9d-d267-4b9e-8540-99eb08101387","ts":"2025-08-07T04:56:27.066-04:00","source":{"id":"0","name":"eventBus"}}
{"__type":"$$EventMessageNode","id":"c0017088-a215-4b9b-8bf1-c16ef8b410f2","ts":"2025-08-07T04:56:27.094-04:00","eventName":"n8n.node.finished","message":"n8n.node.finished","payload":{"workflowId":"AR0VXG3JTocqYcyJ","workflowName":"Agendamentos Odonto","executionId":"462","nodeType":"n8n-nodes-base.code","nodeName":"Formatador de tempo","nodeId":"2097c450-6e96-4ede-8a57-cd75b37ab8d0"}}
{"__type":"$$EventMessageConfirm","confirm":"c0017088-a215-4b9b-8bf1-c16ef8b410f2","ts":"2025-08-07T04:56:27.098-04:00","source":{"id":"0","name":"eventBus"}}
{"__type":"$$EventMessageNode","id":"80d4a229-66ba-4bff-baaf-d1156448d9cd","ts":"2025-08-07T04:56:27.102-04:00","eventName":"n8n.node.started","message":"n8n.node.started","payload":{"workflowId":"AR0VXG3JTocqYcyJ","workflowName":"Agendamentos Odonto","executionId":"462","nodeType":"n8n-nodes-base.googleCalendar","nodeName":"Criador de agendamentos","nodeId":"448b7202-256c-4cc1-8d2e-29643ba895d5"}}
{"__type":"$$EventMessageConfirm","confirm":"80d4a229-66ba-4bff-baaf-d1156448d9cd","ts":"2025-08-07T04:56:27.104-04:00","source":{"id":"0","name":"eventBus"}}
{"__type":"$$EventMessageNode","id":"e648484b-46ea-434f-855e-23f7fcf0cb78","ts":"2025-08-07T04:56:28.536-04:00","eventName":"n8n.node.finished","message":"n8n.node.finished","payload":{"workflowId":"AR0VXG3JTocqYcyJ","workflowName":"Agendamentos Odonto","executionId":"462","nodeType":"n8n-nodes-base.googleCalendar","nodeName":"Criador de agendamentos","nodeId":"448b7202-256c-4cc1-8d2e-29643ba895d5"}}
{"__type":"$$EventMessageConfirm","confirm":"e648484b-46ea-434f-855e-23f7fcf0cb78","ts":"2025-08-07T04:56:28.536-04:00","source":{"id":"0","name":"eventBus"}}
{"__type":"$$EventMessageNode","id":"fb0da598-b06f-4849-811c-a85b6b022e02","ts":"2025-08-07T04:56:28.537-04:00","eventName":"n8n.node.started","message":"n8n.node.started","payload":{"workflowId":"AR0VXG3JTocqYcyJ","workflowName":"Agendamentos Odonto","executionId":"462","nodeType":"n8n-nodes-base.postgres","nodeName":"Insert or update rows in a table","nodeId":"f1a1f5ea-ec4a-4dc3-a88a-8de54cedadc2"}}
{"__type":"$$EventMessageConfirm","confirm":"fb0da598-b06f-4849-811c-a85b6b022e02","ts":"2025-08-07T04:56:28.538-04:00","source":{"id":"0","name":"eventBus"}}
{"__type":"$$EventMessageNode","id":"7f722c48-c9c2-4a8a-b726-d16dccd1ff0f","ts":"2025-08-07T04:56:28.666-04:00","eventName":"n8n.node.finished","message":"n8n.node.finished","payload":{"workflowId":"AR0VXG3JTocqYcyJ","workflowName":"Agendamentos Odonto","executionId":"462","nodeType":"n8n-nodes-base.postgres","nodeName":"Insert or update rows in a table","nodeId":"f1a1f5ea-ec4a-4dc3-a88a-8de54cedadc2"}}
{"__type":"$$EventMessageConfirm","confirm":"7f722c48-c9c2-4a8a-b726-d16dccd1ff0f","ts":"2025-08-07T04:56:28.667-04:00","source":{"id":"0","name":"eventBus"}}
{"__type":"$$EventMessageNode","id":"17cba709-f0ab-4c04-9204-2d319e1de261","ts":"2025-08-07T04:56:28.668-04:00","eventName":"n8n.node.started","message":"n8n.node.started","payload":{"workflowId":"AR0VXG3JTocqYcyJ","workflowName":"Agendamentos Odonto","executionId":"462","nodeType":"n8n-nodes-base.postgres","nodeName":"Insert or update rows in a table1","nodeId":"239c350c-c770-4d22-ae51-9c1976173755"}}
{"__type":"$$EventMessageConfirm","confirm":"17cba709-f0ab-4c04-9204-2d319e1de261","ts":"2025-08-07T04:56:28.669-04:00","source":{"id":"0","name":"eventBus"}}
{"__type":"$$EventMessageNode","id":"fd7a2ca2-cd90-446b-ac37-e55f3e62cb81","ts":"2025-08-07T04:56:28.761-04:00","eventName":"n8n.node.finished","message":"n8n.node.finished","payload":{"workflowId":"AR0VXG3JTocqYcyJ","workflowName":"Agendamentos Odonto","executionId":"462","nodeType":"n8n-nodes-base.postgres","nodeName":"Insert or update rows in a table1","nodeId":"239c350c-c770-4d22-ae51-9c1976173755"}}
{"__type":"$$EventMessageConfirm","confirm":"fd7a2ca2-cd90-446b-ac37-e55f3e62cb81","ts":"2025-08-07T04:56:28.762-04:00","source":{"id":"0","name":"eventBus"}}
{"__type":"$$EventMessageNode","id":"7c3c0b42-451c-4d93-b0fc-005f7232e62b","ts":"2025-08-07T04:56:28.763-04:00","eventName":"n8n.node.started","message":"n8n.node.started","payload":{"workflowId":"AR0VXG3JTocqYcyJ","workflowName":"Agendamentos Odonto","executionId":"462","nodeType":"n8n-nodes-base.googleCalendar","nodeName":"Invite para o paciente","nodeId":"850d5389-6627-4d07-aa08-8e73eb1124d8"}}
{"__type":"$$EventMessageConfirm","confirm":"7c3c0b42-451c-4d93-b0fc-005f7232e62b","ts":"2025-08-07T04:56:28.764-04:00","source":{"id":"0","name":"eventBus"}}
{"__type":"$$EventMessageNode","id":"bd10d7d4-2f0c-4560-afa7-824c7d1bb2f2","ts":"2025-08-07T04:56:29.583-04:00","eventName":"n8n.node.finished","message":"n8n.node.finished","payload":{"workflowId":"AR0VXG3JTocqYcyJ","workflowName":"Agendamentos Odonto","executionId":"462","nodeType":"n8n-nodes-base.googleCalendar","nodeName":"Invite para o paciente","nodeId":"850d5389-6627-4d07-aa08-8e73eb1124d8"}}
{"__type":"$$EventMessageConfirm","confirm":"bd10d7d4-2f0c-4560-afa7-824c7d1bb2f2","ts":"2025-08-07T04:56:29.584-04:00","source":{"id":"0","name":"eventBus"}}
{"__type":"$$EventMessageNode","id":"c0f9a4ad-7879-4184-b922-499b6180c5c4","ts":"2025-08-07T04:56:29.589-04:00","eventName":"n8n.node.started","message":"n8n.node.started","payload":{"workflowId":"AR0VXG3JTocqYcyJ","workflowName":"Agendamentos Odonto","executionId":"462","nodeType":"n8n-nodes-base.googleSheets","nodeName":"Adiciona ID Google","nodeId":"69d7be95-a6c3-4f2f-bbdb-481110088829"}}
{"__type":"$$EventMessageConfirm","confirm":"c0f9a4ad-7879-4184-b922-499b6180c5c4","ts":"2025-08-07T04:56:29.590-04:00","source":{"id":"0","name":"eventBus"}}
{"__type":"$$EventMessageNode","id":"6b905442-a895-4840-9c27-75ba2e9330c3","ts":"2025-08-07T04:56:31.620-04:00","eventName":"n8n.node.finished","message":"n8n.node.finished","payload":{"workflowId":"AR0VXG3JTocqYcyJ","workflowName":"Agendamentos Odonto","executionId":"462","nodeType":"n8n-nodes-base.googleSheets","nodeName":"Adiciona ID Google","nodeId":"69d7be95-a6c3-4f2f-bbdb-481110088829"}}
{"__type":"$$EventMessageConfirm","confirm":"6b905442-a895-4840-9c27-75ba2e9330c3","ts":"2025-08-07T04:56:31.621-04:00","source":{"id":"0","name":"eventBus"}}
{"__type":"$$EventMessageNode","id":"8973d74c-250d-43dd-adaa-090be681903a","ts":"2025-08-07T04:56:31.622-04:00","eventName":"n8n.node.started","message":"n8n.node.started","payload":{"workflowId":"AR0VXG3JTocqYcyJ","workflowName":"Agendamentos Odonto","executionId":"462","nodeType":"n8n-nodes-base.switch","nodeName":"Switch","nodeId":"50780339-6dd9-4227-86cf-ae307e0d708e"}}
{"__type":"$$EventMessageConfirm","confirm":"8973d74c-250d-43dd-adaa-090be681903a","ts":"2025-08-07T04:56:31.623-04:00","source":{"id":"0","name":"eventBus"}}
{"__type":"$$EventMessageNode","id":"0c6b1115-0bf8-490d-bb18-b05f0fe8835a","ts":"2025-08-07T04:56:31.635-04:00","eventName":"n8n.node.finished","message":"n8n.node.finished","payload":{"workflowId":"AR0VXG3JTocqYcyJ","workflowName":"Agendamentos Odonto","executionId":"462","nodeType":"n8n-nodes-base.switch","nodeName":"Switch","nodeId":"50780339-6dd9-4227-86cf-ae307e0d708e"}}
{"__type":"$$EventMessageConfirm","confirm":"0c6b1115-0bf8-490d-bb18-b05f0fe8835a","ts":"2025-08-07T04:56:31.636-04:00","source":{"id":"0","name":"eventBus"}}
{"__type":"$$EventMessageNode","id":"44fa8942-edbd-4ebb-b571-c7c7f095fcba","ts":"2025-08-07T04:56:31.637-04:00","eventName":"n8n.node.started","message":"n8n.node.started","payload":{"workflowId":"AR0VXG3JTocqYcyJ","workflowName":"Agendamentos Odonto","executionId":"462","nodeType":"n8n-nodes-base.emailSend","nodeName":"Send email","nodeId":"52fc676d-89e4-4128-80c5-a8f569c4e8b5"}}
{"__type":"$$EventMessageConfirm","confirm":"44fa8942-edbd-4ebb-b571-c7c7f095fcba","ts":"2025-08-07T04:56:31.637-04:00","source":{"id":"0","name":"eventBus"}}
{"__type":"$$EventMessageNode","id":"f1c6b76b-6284-4e97-b0f4-69a2697203e2","ts":"2025-08-07T04:56:34.014-04:00","eventName":"n8n.node.finished","message":"n8n.node.finished","payload":{"workflowId":"AR0VXG3JTocqYcyJ","workflowName":"Agendamentos Odonto","executionId":"462","nodeType":"n8n-nodes-base.emailSend","nodeName":"Send email","nodeId":"52fc676d-89e4-4128-80c5-a8f569c4e8b5"}}
{"__type":"$$EventMessageConfirm","confirm":"f1c6b76b-6284-4e97-b0f4-69a2697203e2","ts":"2025-08-07T04:56:34.015-04:00","source":{"id":"0","name":"eventBus"}}
{"__type":"$$EventMessageWorkflow","id":"17f377c4-9f7c-42d4-8e13-06bd1fb3bcf5","ts":"2025-08-07T04:56:34.022-04:00","eventName":"n8n.workflow.success","message":"n8n.workflow.success","payload":{"executionId":"462","success":true,"isManual":false,"workflowId":"AR0VXG3JTocqYcyJ","workflowName":"Agendamentos Odonto"}}
{"__type":"$$EventMessageConfirm","confirm":"17f377c4-9f7c-42d4-8e13-06bd1fb3bcf5","ts":"2025-08-07T04:56:34.030-04:00","source":{"id":"0","name":"eventBus"}}
{"__type":"$$EventMessageAudit","id":"2c79d6ca-49b4-4e83-bce3-072d48378242","ts":"2025-08-07T07:35:17.234-04:00","eventName":"n8n.audit.workflow.updated","message":"n8n.audit.workflow.updated","payload":{"userId":"02968c0f-bbe1-439e-9fea-1a7517d20589","_email":"manuelpnforce@gmail.com","_firstName":"Manuel","_lastName":"Portela Neto","globalRole":"global:owner","workflowId":"MfkvHDFxwlaiV0W1","workflowName":"Recepcionista"}}
{"__type":"$$EventMessageConfirm","confirm":"2c79d6ca-49b4-4e83-bce3-072d48378242","ts":"2025-08-07T07:35:17.259-04:00","source":{"id":"0","name":"eventBus"}}
{"__type":"$$EventMessageAudit","id":"e836f2c8-5777-4b0d-8e6e-ff449484404d","ts":"2025-08-07T07:42:03.401-04:00","eventName":"n8n.audit.workflow.updated","message":"n8n.audit.workflow.updated","payload":{"userId":"02968c0f-bbe1-439e-9fea-1a7517d20589","_email":"manuelpnforce@gmail.com","_firstName":"Manuel","_lastName":"Portela Neto","globalRole":"global:owner","workflowId":"MfkvHDFxwlaiV0W1","workflowName":"Recepcionista"}}
{"__type":"$$EventMessageConfirm","confirm":"e836f2c8-5777-4b0d-8e6e-ff449484404d","ts":"2025-08-07T07:42:03.402-04:00","source":{"id":"0","name":"eventBus"}}
{"__type":"$$EventMessageWorkflow","id":"c8bc14a4-0536-481a-a40c-2a9b591e4930","ts":"2025-08-07T08:22:38.310-04:00","eventName":"n8n.workflow.started","message":"n8n.workflow.started","payload":{"executionId":"463","workflowId":"y8LMqXLhUg5zX3e5","isManual":false,"workflowName":"Lembretes Diarios"}}
{"__type":"$$EventMessageConfirm","confirm":"c8bc14a4-0536-481a-a40c-2a9b591e4930","ts":"2025-08-07T08:22:38.311-04:00","source":{"id":"0","name":"eventBus"}}
{"__type":"$$EventMessageNode","id":"52c0482c-fad6-4483-bd9e-4cdfa8bf3d7a","ts":"2025-08-07T08:22:38.317-04:00","eventName":"n8n.node.started","message":"n8n.node.started","payload":{"workflowId":"y8LMqXLhUg5zX3e5","workflowName":"Lembretes Diarios","executionId":"463","nodeType":"n8n-nodes-base.scheduleTrigger","nodeName":"Schedule Trigger","nodeId":"f1b23681-f754-4c2d-8671-af8d91552bc2"}}
{"__type":"$$EventMessageConfirm","confirm":"52c0482c-fad6-4483-bd9e-4cdfa8bf3d7a","ts":"2025-08-07T08:22:38.318-04:00","source":{"id":"0","name":"eventBus"}}
{"__type":"$$EventMessageNode","id":"39df0ef1-d4b3-44f9-9eee-12c5d35110ca","ts":"2025-08-07T08:22:38.330-04:00","eventName":"n8n.node.finished","message":"n8n.node.finished","payload":{"workflowId":"y8LMqXLhUg5zX3e5","workflowName":"Lembretes Diarios","executionId":"463","nodeType":"n8n-nodes-base.scheduleTrigger","nodeName":"Schedule Trigger","nodeId":"f1b23681-f754-4c2d-8671-af8d91552bc2"}}
{"__type":"$$EventMessageConfirm","confirm":"39df0ef1-d4b3-44f9-9eee-12c5d35110ca","ts":"2025-08-07T08:22:38.331-04:00","source":{"id":"0","name":"eventBus"}}
{"__type":"$$EventMessageNode","id":"c3743491-8bff-4be2-8112-43c5a932794f","ts":"2025-08-07T08:22:38.334-04:00","eventName":"n8n.node.started","message":"n8n.node.started","payload":{"workflowId":"y8LMqXLhUg5zX3e5","workflowName":"Lembretes Diarios","executionId":"463","nodeType":"n8n-nodes-base.code","nodeName":"Seletor de dias úteis","nodeId":"7edff2f7-1894-48b4-af66-2a3bc8d53cf2"}}
{"__type":"$$EventMessageConfirm","confirm":"c3743491-8bff-4be2-8112-43c5a932794f","ts":"2025-08-07T08:22:38.335-04:00","source":{"id":"0","name":"eventBus"}}
{"__type":"$$EventMessageNode","id":"1f6f52a3-e0f8-48a1-b715-30814116cb78","ts":"2025-08-07T08:22:38.482-04:00","eventName":"n8n.node.finished","message":"n8n.node.finished","payload":{"workflowId":"y8LMqXLhUg5zX3e5","workflowName":"Lembretes Diarios","executionId":"463","nodeType":"n8n-nodes-base.code","nodeName":"Seletor de dias úteis","nodeId":"7edff2f7-1894-48b4-af66-2a3bc8d53cf2"}}
{"__type":"$$EventMessageConfirm","confirm":"1f6f52a3-e0f8-48a1-b715-30814116cb78","ts":"2025-08-07T08:22:38.482-04:00","source":{"id":"0","name":"eventBus"}}
{"__type":"$$EventMessageNode","id":"4e20573d-2146-4d7b-b984-6c8f113080e6","ts":"2025-08-07T08:22:38.483-04:00","eventName":"n8n.node.started","message":"n8n.node.started","payload":{"workflowId":"y8LMqXLhUg5zX3e5","workflowName":"Lembretes Diarios","executionId":"463","nodeType":"n8n-nodes-base.googleCalendar","nodeName":"Get many events","nodeId":"4586d6e2-ce96-49ce-bfff-49e8a30807ae"}}
{"__type":"$$EventMessageConfirm","confirm":"4e20573d-2146-4d7b-b984-6c8f113080e6","ts":"2025-08-07T08:22:38.484-04:00","source":{"id":"0","name":"eventBus"}}
{"__type":"$$EventMessageNode","id":"4b279c94-ed1d-4f78-973f-710769382a66","ts":"2025-08-07T08:22:39.579-04:00","eventName":"n8n.node.finished","message":"n8n.node.finished","payload":{"workflowId":"y8LMqXLhUg5zX3e5","workflowName":"Lembretes Diarios","executionId":"463","nodeType":"n8n-nodes-base.googleCalendar","nodeName":"Get many events","nodeId":"4586d6e2-ce96-49ce-bfff-49e8a30807ae"}}
{"__type":"$$EventMessageConfirm","confirm":"4b279c94-ed1d-4f78-973f-710769382a66","ts":"2025-08-07T08:22:39.580-04:00","source":{"id":"0","name":"eventBus"}}
{"__type":"$$EventMessageWorkflow","id":"a1539b8e-6955-4a6b-a599-3e99d32e2d9c","ts":"2025-08-07T08:22:39.584-04:00","eventName":"n8n.workflow.success","message":"n8n.workflow.success","payload":{"executionId":"463","success":true,"isManual":false,"workflowId":"y8LMqXLhUg5zX3e5","workflowName":"Lembretes Diarios"}}
{"__type":"$$EventMessageConfirm","confirm":"a1539b8e-6955-4a6b-a599-3e99d32e2d9c","ts":"2025-08-07T08:22:39.585-04:00","source":{"id":"0","name":"eventBus"}}
{"__type":"$$EventMessageWorkflow","id":"d8c18aff-0fe7-49a4-a133-fd8f69e8b717","ts":"2025-08-07T16:27:44.045-04:00","eventName":"n8n.workflow.started","message":"n8n.workflow.started","payload":{"executionId":"464","workflowId":"AR0VXG3JTocqYcyJ","isManual":false,"workflowName":"Agendamentos Odonto"}}
{"__type":"$$EventMessageConfirm","confirm":"d8c18aff-0fe7-49a4-a133-fd8f69e8b717","ts":"2025-08-07T16:27:44.050-04:00","source":{"id":"0","name":"eventBus"}}
{"__type":"$$EventMessageNode","id":"66bc641c-a0eb-45fa-bd62-a9739d9cee03","ts":"2025-08-07T16:27:44.066-04:00","eventName":"n8n.node.started","message":"n8n.node.started","payload":{"workflowId":"AR0VXG3JTocqYcyJ","workflowName":"Agendamentos Odonto","executionId":"464","nodeType":"n8n-nodes-base.webhook","nodeName":"Webhook","nodeId":"949a9cd5-f6a8-408d-8b8b-a63ba45ce8fb"}}
{"__type":"$$EventMessageConfirm","confirm":"66bc641c-a0eb-45fa-bd62-a9739d9cee03","ts":"2025-08-07T16:27:44.067-04:00","source":{"id":"0","name":"eventBus"}}
{"__type":"$$EventMessageNode","id":"9b7cd81e-eed6-42ea-a7cb-e24c68007e62","ts":"2025-08-07T16:27:44.075-04:00","eventName":"n8n.node.finished","message":"n8n.node.finished","payload":{"workflowId":"AR0VXG3JTocqYcyJ","workflowName":"Agendamentos Odonto","executionId":"464","nodeType":"n8n-nodes-base.webhook","nodeName":"Webhook","nodeId":"949a9cd5-f6a8-408d-8b8b-a63ba45ce8fb"}}
{"__type":"$$EventMessageConfirm","confirm":"9b7cd81e-eed6-42ea-a7cb-e24c68007e62","ts":"2025-08-07T16:27:44.076-04:00","source":{"id":"0","name":"eventBus"}}
{"__type":"$$EventMessageNode","id":"c686003f-0327-47a9-9951-53769a59b794","ts":"2025-08-07T16:27:44.092-04:00","eventName":"n8n.node.started","message":"n8n.node.started","payload":{"workflowId":"AR0VXG3JTocqYcyJ","workflowName":"Agendamentos Odonto","executionId":"464","nodeType":"n8n-nodes-base.code","nodeName":"Validador de dados","nodeId":"f3c12549-1930-480f-bb28-528d85fc71b4"}}
{"__type":"$$EventMessageConfirm","confirm":"c686003f-0327-47a9-9951-53769a59b794","ts":"2025-08-07T16:27:44.093-04:00","source":{"id":"0","name":"eventBus"}}
{"__type":"$$EventMessageNode","id":"38178910-882c-427d-85f8-b45bc1a990b3","ts":"2025-08-07T16:27:44.568-04:00","eventName":"n8n.node.finished","message":"n8n.node.finished","payload":{"workflowId":"AR0VXG3JTocqYcyJ","workflowName":"Agendamentos Odonto","executionId":"464","nodeType":"n8n-nodes-base.code","nodeName":"Validador de dados","nodeId":"f3c12549-1930-480f-bb28-528d85fc71b4"}}
{"__type":"$$EventMessageConfirm","confirm":"38178910-882c-427d-85f8-b45bc1a990b3","ts":"2025-08-07T16:27:44.570-04:00","source":{"id":"0","name":"eventBus"}}
{"__type":"$$EventMessageNode","id":"9f84b603-9617-4fab-a020-6adffa6b1029","ts":"2025-08-07T16:27:44.588-04:00","eventName":"n8n.node.started","message":"n8n.node.started","payload":{"workflowId":"AR0VXG3JTocqYcyJ","workflowName":"Agendamentos Odonto","executionId":"464","nodeType":"n8n-nodes-base.postgres","nodeName":"Insert or update rows in a table","nodeId":"f1a1f5ea-ec4a-4dc3-a88a-8de54cedadc2"}}
{"__type":"$$EventMessageConfirm","confirm":"9f84b603-9617-4fab-a020-6adffa6b1029","ts":"2025-08-07T16:27:44.589-04:00","source":{"id":"0","name":"eventBus"}}
{"__type":"$$EventMessageNode","id":"395b306c-42c3-4fe4-90a7-5fcef5f2c8ad","ts":"2025-08-07T16:27:44.924-04:00","eventName":"n8n.node.finished","message":"n8n.node.finished","payload":{"workflowId":"AR0VXG3JTocqYcyJ","workflowName":"Agendamentos Odonto","executionId":"464","nodeType":"n8n-nodes-base.postgres","nodeName":"Insert or update rows in a table","nodeId":"f1a1f5ea-ec4a-4dc3-a88a-8de54cedadc2"}}
{"__type":"$$EventMessageConfirm","confirm":"395b306c-42c3-4fe4-90a7-5fcef5f2c8ad","ts":"2025-08-07T16:27:44.925-04:00","source":{"id":"0","name":"eventBus"}}
{"__type":"$$EventMessageNode","id":"0f8a9f4f-9ff2-445f-b72c-81b9c4da507f","ts":"2025-08-07T16:27:44.927-04:00","eventName":"n8n.node.started","message":"n8n.node.started","payload":{"workflowId":"AR0VXG3JTocqYcyJ","workflowName":"Agendamentos Odonto","executionId":"464","nodeType":"n8n-nodes-base.postgres","nodeName":"Tradutor ID Dentistas","nodeId":"e1164ac6-572c-423e-8459-eac2974a3a2d"}}
{"__type":"$$EventMessageConfirm","confirm":"0f8a9f4f-9ff2-445f-b72c-81b9c4da507f","ts":"2025-08-07T16:27:44.928-04:00","source":{"id":"0","name":"eventBus"}}
{"__type":"$$EventMessageNode","id":"2bd11d35-359c-456b-8eaa-145b79effe54","ts":"2025-08-07T16:27:44.979-04:00","eventName":"n8n.node.finished","message":"n8n.node.finished","payload":{"workflowId":"AR0VXG3JTocqYcyJ","workflowName":"Agendamentos Odonto","executionId":"464","nodeType":"n8n-nodes-base.postgres","nodeName":"Tradutor ID Dentistas","nodeId":"e1164ac6-572c-423e-8459-eac2974a3a2d"}}
{"__type":"$$EventMessageConfirm","confirm":"2bd11d35-359c-456b-8eaa-145b79effe54","ts":"2025-08-07T16:27:44.980-04:00","source":{"id":"0","name":"eventBus"}}
{"__type":"$$EventMessageNode","id":"b006e71c-8922-4020-b353-1c18afb93163","ts":"2025-08-07T16:27:44.982-04:00","eventName":"n8n.node.started","message":"n8n.node.started","payload":{"workflowId":"AR0VXG3JTocqYcyJ","workflowName":"Agendamentos Odonto","executionId":"464","nodeType":"n8n-nodes-base.postgres","nodeName":"Tradutor ID Procedimentos","nodeId":"7859f776-3a3c-4855-917a-32eeb538ae8b"}}
{"__type":"$$EventMessageConfirm","confirm":"b006e71c-8922-4020-b353-1c18afb93163","ts":"2025-08-07T16:27:44.983-04:00","source":{"id":"0","name":"eventBus"}}
{"__type":"$$EventMessageNode","id":"831ba44b-60f4-4e82-b22d-f3c01898b184","ts":"2025-08-07T16:27:45.056-04:00","eventName":"n8n.node.finished","message":"n8n.node.finished","payload":{"workflowId":"AR0VXG3JTocqYcyJ","workflowName":"Agendamentos Odonto","executionId":"464","nodeType":"n8n-nodes-base.postgres","nodeName":"Tradutor ID Procedimentos","nodeId":"7859f776-3a3c-4855-917a-32eeb538ae8b"}}
{"__type":"$$EventMessageConfirm","confirm":"831ba44b-60f4-4e82-b22d-f3c01898b184","ts":"2025-08-07T16:27:45.057-04:00","source":{"id":"0","name":"eventBus"}}
{"__type":"$$EventMessageNode","id":"3b8cda57-44fa-41c4-8fef-9ef1887eb0f5","ts":"2025-08-07T16:27:45.058-04:00","eventName":"n8n.node.started","message":"n8n.node.started","payload":{"workflowId":"AR0VXG3JTocqYcyJ","workflowName":"Agendamentos Odonto","executionId":"464","nodeType":"n8n-nodes-base.postgres","nodeName":"Tradutor ID Convênios","nodeId":"97baab43-be79-424c-a53d-ad86b7c08346"}}
{"__type":"$$EventMessageConfirm","confirm":"3b8cda57-44fa-41c4-8fef-9ef1887eb0f5","ts":"2025-08-07T16:27:45.059-04:00","source":{"id":"0","name":"eventBus"}}
{"__type":"$$EventMessageNode","id":"54c96b15-7072-49ee-867b-782f013cd54f","ts":"2025-08-07T16:27:45.119-04:00","eventName":"n8n.node.finished","message":"n8n.node.finished","payload":{"workflowId":"AR0VXG3JTocqYcyJ","workflowName":"Agendamentos Odonto","executionId":"464","nodeType":"n8n-nodes-base.postgres","nodeName":"Tradutor ID Convênios","nodeId":"97baab43-be79-424c-a53d-ad86b7c08346"}}
{"__type":"$$EventMessageConfirm","confirm":"54c96b15-7072-49ee-867b-782f013cd54f","ts":"2025-08-07T16:27:45.120-04:00","source":{"id":"0","name":"eventBus"}}
{"__type":"$$EventMessageNode","id":"df0d3b4d-2dd9-49ea-9fcd-64e9951b5ae5","ts":"2025-08-07T16:27:45.130-04:00","eventName":"n8n.node.started","message":"n8n.node.started","payload":{"workflowId":"AR0VXG3JTocqYcyJ","workflowName":"Agendamentos Odonto","executionId":"464","nodeType":"n8n-nodes-base.if","nodeName":"If","nodeId":"90fedd05-b171-4f4d-a77f-7fab5dd908e0"}}
{"__type":"$$EventMessageConfirm","confirm":"df0d3b4d-2dd9-49ea-9fcd-64e9951b5ae5","ts":"2025-08-07T16:27:45.130-04:00","source":{"id":"0","name":"eventBus"}}
{"__type":"$$EventMessageNode","id":"16c5d2a7-d69f-41e2-aec6-19855e33acf4","ts":"2025-08-07T16:27:45.218-04:00","eventName":"n8n.node.finished","message":"n8n.node.finished","payload":{"workflowId":"AR0VXG3JTocqYcyJ","workflowName":"Agendamentos Odonto","executionId":"464","nodeType":"n8n-nodes-base.if","nodeName":"If","nodeId":"90fedd05-b171-4f4d-a77f-7fab5dd908e0"}}
{"__type":"$$EventMessageConfirm","confirm":"16c5d2a7-d69f-41e2-aec6-19855e33acf4","ts":"2025-08-07T16:27:45.218-04:00","source":{"id":"0","name":"eventBus"}}
{"__type":"$$EventMessageNode","id":"17b44237-a645-4842-a422-ebffac988176","ts":"2025-08-07T16:27:45.220-04:00","eventName":"n8n.node.started","message":"n8n.node.started","payload":{"workflowId":"AR0VXG3JTocqYcyJ","workflowName":"Agendamentos Odonto","executionId":"464","nodeType":"n8n-nodes-base.code","nodeName":"Verificador de disponibilidade","nodeId":"12715929-853f-4d1e-b5b3-f1fcde008343"}}
{"__type":"$$EventMessageConfirm","confirm":"17b44237-a645-4842-a422-ebffac988176","ts":"2025-08-07T16:27:45.221-04:00","source":{"id":"0","name":"eventBus"}}
{"__type":"$$EventMessageNode","id":"fff9eda0-c6b7-4db8-93a2-8819345ba2f9","ts":"2025-08-07T16:27:45.325-04:00","eventName":"n8n.node.finished","message":"n8n.node.finished","payload":{"workflowId":"AR0VXG3JTocqYcyJ","workflowName":"Agendamentos Odonto","executionId":"464","nodeType":"n8n-nodes-base.code","nodeName":"Verificador de disponibilidade","nodeId":"12715929-853f-4d1e-b5b3-f1fcde008343"}}
{"__type":"$$EventMessageConfirm","confirm":"fff9eda0-c6b7-4db8-93a2-8819345ba2f9","ts":"2025-08-07T16:27:45.336-04:00","source":{"id":"0","name":"eventBus"}}
{"__type":"$$EventMessageNode","id":"8cab1764-0ab6-4c32-af35-97e59219cf30","ts":"2025-08-07T16:27:45.339-04:00","eventName":"n8n.node.started","message":"n8n.node.started","payload":{"workflowId":"AR0VXG3JTocqYcyJ","workflowName":"Agendamentos Odonto","executionId":"464","nodeType":"n8n-nodes-base.if","nodeName":"If1","nodeId":"f3dcb38b-cf82-42eb-a2cf-ecd2409ad44c"}}
{"__type":"$$EventMessageConfirm","confirm":"8cab1764-0ab6-4c32-af35-97e59219cf30","ts":"2025-08-07T16:27:45.351-04:00","source":{"id":"0","name":"eventBus"}}
{"__type":"$$EventMessageNode","id":"eb0b8bc3-d834-44b6-a3ee-3fd4426c52b5","ts":"2025-08-07T16:27:45.368-04:00","eventName":"n8n.node.finished","message":"n8n.node.finished","payload":{"workflowId":"AR0VXG3JTocqYcyJ","workflowName":"Agendamentos Odonto","executionId":"464","nodeType":"n8n-nodes-base.if","nodeName":"If1","nodeId":"f3dcb38b-cf82-42eb-a2cf-ecd2409ad44c"}}
{"__type":"$$EventMessageConfirm","confirm":"eb0b8bc3-d834-44b6-a3ee-3fd4426c52b5","ts":"2025-08-07T16:27:45.369-04:00","source":{"id":"0","name":"eventBus"}}
{"__type":"$$EventMessageNode","id":"f009ffed-c684-4b3e-ab80-2c08b3fa77e8","ts":"2025-08-07T16:27:45.370-04:00","eventName":"n8n.node.started","message":"n8n.node.started","payload":{"workflowId":"AR0VXG3JTocqYcyJ","workflowName":"Agendamentos Odonto","executionId":"464","nodeType":"n8n-nodes-base.googleSheets","nodeName":"Registro de agendamentos","nodeId":"d18e35a0-9fb3-462c-af4c-2269d9456d94"}}
{"__type":"$$EventMessageConfirm","confirm":"f009ffed-c684-4b3e-ab80-2c08b3fa77e8","ts":"2025-08-07T16:27:45.381-04:00","source":{"id":"0","name":"eventBus"}}
{"__type":"$$EventMessageNode","id":"8e162517-8563-49dd-a290-93ec179413b9","ts":"2025-08-07T16:27:48.898-04:00","eventName":"n8n.node.finished","message":"n8n.node.finished","payload":{"workflowId":"AR0VXG3JTocqYcyJ","workflowName":"Agendamentos Odonto","executionId":"464","nodeType":"n8n-nodes-base.googleSheets","nodeName":"Registro de agendamentos","nodeId":"d18e35a0-9fb3-462c-af4c-2269d9456d94"}}
{"__type":"$$EventMessageConfirm","confirm":"8e162517-8563-49dd-a290-93ec179413b9","ts":"2025-08-07T16:27:48.899-04:00","source":{"id":"0","name":"eventBus"}}
{"__type":"$$EventMessageNode","id":"0121a287-7ae4-48d9-a4ae-7b762c0df8b1","ts":"2025-08-07T16:27:48.908-04:00","eventName":"n8n.node.started","message":"n8n.node.started","payload":{"workflowId":"AR0VXG3JTocqYcyJ","workflowName":"Agendamentos Odonto","executionId":"464","nodeType":"n8n-nodes-base.code","nodeName":"Formatador de tempo","nodeId":"2097c450-6e96-4ede-8a57-cd75b37ab8d0"}}
{"__type":"$$EventMessageConfirm","confirm":"0121a287-7ae4-48d9-a4ae-7b762c0df8b1","ts":"2025-08-07T16:27:48.909-04:00","source":{"id":"0","name":"eventBus"}}
{"__type":"$$EventMessageNode","id":"a1d18124-282f-4045-b66e-97ee3eade40a","ts":"2025-08-07T16:27:48.980-04:00","eventName":"n8n.node.finished","message":"n8n.node.finished","payload":{"workflowId":"AR0VXG3JTocqYcyJ","workflowName":"Agendamentos Odonto","executionId":"464","nodeType":"n8n-nodes-base.code","nodeName":"Formatador de tempo","nodeId":"2097c450-6e96-4ede-8a57-cd75b37ab8d0"}}
{"__type":"$$EventMessageConfirm","confirm":"a1d18124-282f-4045-b66e-97ee3eade40a","ts":"2025-08-07T16:27:48.981-04:00","source":{"id":"0","name":"eventBus"}}
{"__type":"$$EventMessageNode","id":"b8015719-783a-4660-92ec-4bb94edb12f1","ts":"2025-08-07T16:27:48.983-04:00","eventName":"n8n.node.started","message":"n8n.node.started","payload":{"workflowId":"AR0VXG3JTocqYcyJ","workflowName":"Agendamentos Odonto","executionId":"464","nodeType":"n8n-nodes-base.googleCalendar","nodeName":"Criador de agendamentos","nodeId":"448b7202-256c-4cc1-8d2e-29643ba895d5"}}
{"__type":"$$EventMessageConfirm","confirm":"b8015719-783a-4660-92ec-4bb94edb12f1","ts":"2025-08-07T16:27:48.984-04:00","source":{"id":"0","name":"eventBus"}}
{"__type":"$$EventMessageNode","id":"4c030ed0-6abc-43a9-b463-54eb0c953e35","ts":"2025-08-07T16:27:50.383-04:00","eventName":"n8n.node.finished","message":"n8n.node.finished","payload":{"workflowId":"AR0VXG3JTocqYcyJ","workflowName":"Agendamentos Odonto","executionId":"464","nodeType":"n8n-nodes-base.googleCalendar","nodeName":"Criador de agendamentos","nodeId":"448b7202-256c-4cc1-8d2e-29643ba895d5"}}
{"__type":"$$EventMessageConfirm","confirm":"4c030ed0-6abc-43a9-b463-54eb0c953e35","ts":"2025-08-07T16:27:50.384-04:00","source":{"id":"0","name":"eventBus"}}
{"__type":"$$EventMessageWorkflow","id":"a64142df-22a9-4f8c-9dcc-7e82df694654","ts":"2025-08-07T16:27:50.438-04:00","eventName":"n8n.workflow.success","message":"n8n.workflow.success","payload":{"userId":"02968c0f-bbe1-439e-9fea-1a7517d20589","executionId":"464","success":true,"isManual":true,"workflowId":"AR0VXG3JTocqYcyJ","workflowName":"Agendamentos Odonto"}}
{"__type":"$$EventMessageConfirm","confirm":"a64142df-22a9-4f8c-9dcc-7e82df694654","ts":"2025-08-07T16:27:50.440-04:00","source":{"id":"0","name":"eventBus"}}
{"__type":"$$EventMessageWorkflow","id":"38f9f886-09bb-4310-9041-8facf188c05a","ts":"2025-08-07T18:35:28.247-04:00","eventName":"n8n.workflow.started","message":"n8n.workflow.started","payload":{"executionId":"465","workflowId":"AR0VXG3JTocqYcyJ","isManual":false,"workflowName":"Agendamentos Odonto"}}
{"__type":"$$EventMessageConfirm","confirm":"38f9f886-09bb-4310-9041-8facf188c05a","ts":"2025-08-07T18:35:28.260-04:00","source":{"id":"0","name":"eventBus"}}
{"__type":"$$EventMessageNode","id":"0b5ed3e9-d7f5-4e1d-840c-4421e9d600f6","ts":"2025-08-07T18:35:28.278-04:00","eventName":"n8n.node.started","message":"n8n.node.started","payload":{"workflowId":"AR0VXG3JTocqYcyJ","workflowName":"Agendamentos Odonto","executionId":"465","nodeType":"n8n-nodes-base.postgres","nodeName":"Insert or update rows in a table1","nodeId":"239c350c-c770-4d22-ae51-9c1976173755"}}
{"__type":"$$EventMessageConfirm","confirm":"0b5ed3e9-d7f5-4e1d-840c-4421e9d600f6","ts":"2025-08-07T18:35:28.281-04:00","source":{"id":"0","name":"eventBus"}}
{"__type":"$$EventMessageNode","id":"a619b1b6-1839-4e77-b8ca-1a0729d28a9a","ts":"2025-08-07T18:35:28.858-04:00","eventName":"n8n.node.finished","message":"n8n.node.finished","payload":{"workflowId":"AR0VXG3JTocqYcyJ","workflowName":"Agendamentos Odonto","executionId":"465","nodeType":"n8n-nodes-base.postgres","nodeName":"Insert or update rows in a table1","nodeId":"239c350c-c770-4d22-ae51-9c1976173755"}}
{"__type":"$$EventMessageConfirm","confirm":"a619b1b6-1839-4e77-b8ca-1a0729d28a9a","ts":"2025-08-07T18:35:28.860-04:00","source":{"id":"0","name":"eventBus"}}
{"__type":"$$EventMessageWorkflow","id":"86ef9b79-2c64-480d-a89b-d31e12a0012f","ts":"2025-08-07T18:35:28.981-04:00","eventName":"n8n.workflow.failed","message":"n8n.workflow.failed","payload":{"userId":"02968c0f-bbe1-439e-9fea-1a7517d20589","executionId":"465","success":false,"isManual":true,"workflowId":"AR0VXG3JTocqYcyJ","workflowName":"Agendamentos Odonto","lastNodeExecuted":"Insert or update rows in a table1","errorMessage":"Invalid input for 'paciente_id' [item 0]"}}
{"__type":"$$EventMessageConfirm","confirm":"86ef9b79-2c64-480d-a89b-d31e12a0012f","ts":"2025-08-07T18:35:28.982-04:00","source":{"id":"0","name":"eventBus"}}
{"__type":"$$EventMessageWorkflow","id":"b2c9702a-d15d-4156-96fa-269e473cb24e","ts":"2025-08-07T18:37:45.991-04:00","eventName":"n8n.workflow.started","message":"n8n.workflow.started","payload":{"executionId":"466","workflowId":"AR0VXG3JTocqYcyJ","isManual":false,"workflowName":"Agendamentos Odonto"}}
{"__type":"$$EventMessageConfirm","confirm":"b2c9702a-d15d-4156-96fa-269e473cb24e","ts":"2025-08-07T18:37:45.993-04:00","source":{"id":"0","name":"eventBus"}}
{"__type":"$$EventMessageNode","id":"6eee7728-05cd-406c-83e6-165175d1b153","ts":"2025-08-07T18:37:45.997-04:00","eventName":"n8n.node.started","message":"n8n.node.started","payload":{"workflowId":"AR0VXG3JTocqYcyJ","workflowName":"Agendamentos Odonto","executionId":"466","nodeType":"n8n-nodes-base.postgres","nodeName":"Insert or update rows in a table1","nodeId":"239c350c-c770-4d22-ae51-9c1976173755"}}
{"__type":"$$EventMessageConfirm","confirm":"6eee7728-05cd-406c-83e6-165175d1b153","ts":"2025-08-07T18:37:45.998-04:00","source":{"id":"0","name":"eventBus"}}
{"__type":"$$EventMessageNode","id":"0d2ac805-9f44-4532-b7a0-cf8df7c34731","ts":"2025-08-07T18:37:46.406-04:00","eventName":"n8n.node.finished","message":"n8n.node.finished","payload":{"workflowId":"AR0VXG3JTocqYcyJ","workflowName":"Agendamentos Odonto","executionId":"466","nodeType":"n8n-nodes-base.postgres","nodeName":"Insert or update rows in a table1","nodeId":"239c350c-c770-4d22-ae51-9c1976173755"}}
{"__type":"$$EventMessageConfirm","confirm":"0d2ac805-9f44-4532-b7a0-cf8df7c34731","ts":"2025-08-07T18:37:46.413-04:00","source":{"id":"0","name":"eventBus"}}
{"__type":"$$EventMessageWorkflow","id":"e5724d32-0f00-42b0-82b1-ce2283cdaf5d","ts":"2025-08-07T18:37:46.438-04:00","eventName":"n8n.workflow.failed","message":"n8n.workflow.failed","payload":{"userId":"02968c0f-bbe1-439e-9fea-1a7517d20589","executionId":"466","success":false,"isManual":true,"workflowId":"AR0VXG3JTocqYcyJ","workflowName":"Agendamentos Odonto","lastNodeExecuted":"Insert or update rows in a table1","errorMessage":"Invalid input for 'paciente_id' [item 0]"}}
{"__type":"$$EventMessageConfirm","confirm":"e5724d32-0f00-42b0-82b1-ce2283cdaf5d","ts":"2025-08-07T18:37:46.448-04:00","source":{"id":"0","name":"eventBus"}}
{"__type":"$$EventMessageWorkflow","id":"4e615c30-7829-4128-bcd1-691468030145","ts":"2025-08-07T18:42:28.619-04:00","eventName":"n8n.workflow.started","message":"n8n.workflow.started","payload":{"executionId":"467","workflowId":"AR0VXG3JTocqYcyJ","isManual":false,"workflowName":"Agendamentos Odonto"}}
{"__type":"$$EventMessageConfirm","confirm":"4e615c30-7829-4128-bcd1-691468030145","ts":"2025-08-07T18:42:28.620-04:00","source":{"id":"0","name":"eventBus"}}
{"__type":"$$EventMessageNode","id":"7fba62c4-7dbc-42d3-bcac-6b06f40ef60a","ts":"2025-08-07T18:42:28.624-04:00","eventName":"n8n.node.started","message":"n8n.node.started","payload":{"workflowId":"AR0VXG3JTocqYcyJ","workflowName":"Agendamentos Odonto","executionId":"467","nodeType":"n8n-nodes-base.postgres","nodeName":"Insert or update rows in a table1","nodeId":"239c350c-c770-4d22-ae51-9c1976173755"}}
{"__type":"$$EventMessageConfirm","confirm":"7fba62c4-7dbc-42d3-bcac-6b06f40ef60a","ts":"2025-08-07T18:42:28.625-04:00","source":{"id":"0","name":"eventBus"}}
{"__type":"$$EventMessageNode","id":"3c733550-994c-48a2-b281-5ddbbcc536c2","ts":"2025-08-07T18:42:28.969-04:00","eventName":"n8n.node.finished","message":"n8n.node.finished","payload":{"workflowId":"AR0VXG3JTocqYcyJ","workflowName":"Agendamentos Odonto","executionId":"467","nodeType":"n8n-nodes-base.postgres","nodeName":"Insert or update rows in a table1","nodeId":"239c350c-c770-4d22-ae51-9c1976173755"}}
{"__type":"$$EventMessageConfirm","confirm":"3c733550-994c-48a2-b281-5ddbbcc536c2","ts":"2025-08-07T18:42:28.975-04:00","source":{"id":"0","name":"eventBus"}}
{"__type":"$$EventMessageWorkflow","id":"ce53a253-e8d6-45a3-9e98-8634799a380b","ts":"2025-08-07T18:42:29.022-04:00","eventName":"n8n.workflow.failed","message":"n8n.workflow.failed","payload":{"userId":"02968c0f-bbe1-439e-9fea-1a7517d20589","executionId":"467","success":false,"isManual":true,"workflowId":"AR0VXG3JTocqYcyJ","workflowName":"Agendamentos Odonto","lastNodeExecuted":"Insert or update rows in a table1","errorNodeType":"n8n-nodes-base.postgres","errorMessage":"null value in column \"paciente_id\" of relation \"agendamentos\" violates not-null constraint"}}
{"__type":"$$EventMessageConfirm","confirm":"ce53a253-e8d6-45a3-9e98-8634799a380b","ts":"2025-08-07T18:42:29.023-04:00","source":{"id":"0","name":"eventBus"}}
{"__type":"$$EventMessageWorkflow","id":"36e1f1d8-dc7e-412f-82cd-7b48c56e4854","ts":"2025-08-07T18:43:37.491-04:00","eventName":"n8n.workflow.started","message":"n8n.workflow.started","payload":{"executionId":"468","workflowId":"AR0VXG3JTocqYcyJ","isManual":false,"workflowName":"Agendamentos Odonto"}}
{"__type":"$$EventMessageConfirm","confirm":"36e1f1d8-dc7e-412f-82cd-7b48c56e4854","ts":"2025-08-07T18:43:37.492-04:00","source":{"id":"0","name":"eventBus"}}
{"__type":"$$EventMessageNode","id":"7e5e2ed0-f24d-47e8-9471-005c7ad19512","ts":"2025-08-07T18:43:37.497-04:00","eventName":"n8n.node.started","message":"n8n.node.started","payload":{"workflowId":"AR0VXG3JTocqYcyJ","workflowName":"Agendamentos Odonto","executionId":"468","nodeType":"n8n-nodes-base.postgres","nodeName":"Insert or update rows in a table1","nodeId":"239c350c-c770-4d22-ae51-9c1976173755"}}
{"__type":"$$EventMessageConfirm","confirm":"7e5e2ed0-f24d-47e8-9471-005c7ad19512","ts":"2025-08-07T18:43:37.504-04:00","source":{"id":"0","name":"eventBus"}}
{"__type":"$$EventMessageNode","id":"46388188-bb3d-4c41-ac29-c86e7a330cc9","ts":"2025-08-07T18:43:37.881-04:00","eventName":"n8n.node.finished","message":"n8n.node.finished","payload":{"workflowId":"AR0VXG3JTocqYcyJ","workflowName":"Agendamentos Odonto","executionId":"468","nodeType":"n8n-nodes-base.postgres","nodeName":"Insert or update rows in a table1","nodeId":"239c350c-c770-4d22-ae51-9c1976173755"}}
{"__type":"$$EventMessageConfirm","confirm":"46388188-bb3d-4c41-ac29-c86e7a330cc9","ts":"2025-08-07T18:43:37.882-04:00","source":{"id":"0","name":"eventBus"}}
{"__type":"$$EventMessageWorkflow","id":"cd6ffdfa-6d4e-4bb4-b057-a6381d1f2833","ts":"2025-08-07T18:43:37.915-04:00","eventName":"n8n.workflow.failed","message":"n8n.workflow.failed","payload":{"userId":"02968c0f-bbe1-439e-9fea-1a7517d20589","executionId":"468","success":false,"isManual":true,"workflowId":"AR0VXG3JTocqYcyJ","workflowName":"Agendamentos Odonto","lastNodeExecuted":"Insert or update rows in a table1","errorNodeType":"n8n-nodes-base.postgres","errorMessage":"insert or update on table \"agendamentos\" violates foreign key constraint \"agendamentos_paciente_id_fkey\""}}
{"__type":"$$EventMessageConfirm","confirm":"cd6ffdfa-6d4e-4bb4-b057-a6381d1f2833","ts":"2025-08-07T18:43:37.916-04:00","source":{"id":"0","name":"eventBus"}}
{"__type":"$$EventMessageAudit","id":"3805db3f-f288-4f90-9ec6-f137b918dffd","ts":"2025-08-07T18:46:10.084-04:00","eventName":"n8n.audit.workflow.updated","message":"n8n.audit.workflow.updated","payload":{"userId":"02968c0f-bbe1-439e-9fea-1a7517d20589","_email":"manuelpnforce@gmail.com","_firstName":"Manuel","_lastName":"Portela Neto","globalRole":"global:owner","workflowId":"AR0VXG3JTocqYcyJ","workflowName":"Agendamentos Odonto"}}
{"__type":"$$EventMessageConfirm","confirm":"3805db3f-f288-4f90-9ec6-f137b918dffd","ts":"2025-08-07T18:46:10.085-04:00","source":{"id":"0","name":"eventBus"}}
