{"__type":"$$EventMessageWorkflow","id":"b37a0154-fc16-4b53-a4d5-78caf932ca4a","ts":"2025-08-10T14:51:02.140-04:00","eventName":"n8n.workflow.started","message":"n8n.workflow.started","payload":{"executionId":"538","workflowId":"AR0VXG3JTocqYcyJ","isManual":false,"workflowName":"Agendamentos Odonto"}}
{"__type":"$$EventMessageConfirm","confirm":"b37a0154-fc16-4b53-a4d5-78caf932ca4a","ts":"2025-08-10T14:51:02.250-04:00","source":{"id":"0","name":"eventBus"}}
{"__type":"$$EventMessageNode","id":"cfb34338-9c48-4aa8-815d-1928bc6d5b22","ts":"2025-08-10T14:51:02.303-04:00","eventName":"n8n.node.started","message":"n8n.node.started","payload":{"workflowId":"AR0VXG3JTocqYcyJ","workflowName":"Agendamentos Odonto","executionId":"538","nodeType":"n8n-nodes-base.webhook","nodeName":"Webhook","nodeId":"949a9cd5-f6a8-408d-8b8b-a63ba45ce8fb"}}
{"__type":"$$EventMessageConfirm","confirm":"cfb34338-9c48-4aa8-815d-1928bc6d5b22","ts":"2025-08-10T14:51:02.304-04:00","source":{"id":"0","name":"eventBus"}}
{"__type":"$$EventMessageNode","id":"43563923-34d2-4403-b731-f39ba396fa38","ts":"2025-08-10T14:51:02.374-04:00","eventName":"n8n.node.finished","message":"n8n.node.finished","payload":{"workflowId":"AR0VXG3JTocqYcyJ","workflowName":"Agendamentos Odonto","executionId":"538","nodeType":"n8n-nodes-base.webhook","nodeName":"Webhook","nodeId":"949a9cd5-f6a8-408d-8b8b-a63ba45ce8fb"}}
{"__type":"$$EventMessageConfirm","confirm":"43563923-34d2-4403-b731-f39ba396fa38","ts":"2025-08-10T14:51:02.375-04:00","source":{"id":"0","name":"eventBus"}}
{"__type":"$$EventMessageNode","id":"459e3f87-7594-4e63-834e-adf4be8675e9","ts":"2025-08-10T14:51:02.379-04:00","eventName":"n8n.node.started","message":"n8n.node.started","payload":{"workflowId":"AR0VXG3JTocqYcyJ","workflowName":"Agendamentos Odonto","executionId":"538","nodeType":"n8n-nodes-base.code","nodeName":"Validador de dados","nodeId":"f3c12549-1930-480f-bb28-528d85fc71b4"}}
{"__type":"$$EventMessageConfirm","confirm":"459e3f87-7594-4e63-834e-adf4be8675e9","ts":"2025-08-10T14:51:02.380-04:00","source":{"id":"0","name":"eventBus"}}
{"__type":"$$EventMessageNode","id":"f6e460b8-7335-4b87-bce6-fcd9787fcad4","ts":"2025-08-10T14:51:03.573-04:00","eventName":"n8n.node.finished","message":"n8n.node.finished","payload":{"workflowId":"AR0VXG3JTocqYcyJ","workflowName":"Agendamentos Odonto","executionId":"538","nodeType":"n8n-nodes-base.code","nodeName":"Validador de dados","nodeId":"f3c12549-1930-480f-bb28-528d85fc71b4"}}
{"__type":"$$EventMessageConfirm","confirm":"f6e460b8-7335-4b87-bce6-fcd9787fcad4","ts":"2025-08-10T14:51:03.574-04:00","source":{"id":"0","name":"eventBus"}}
{"__type":"$$EventMessageNode","id":"73a8e5ca-f35b-4cff-af0b-63e0a7fa1dd2","ts":"2025-08-10T14:51:03.576-04:00","eventName":"n8n.node.started","message":"n8n.node.started","payload":{"workflowId":"AR0VXG3JTocqYcyJ","workflowName":"Agendamentos Odonto","executionId":"538","nodeType":"n8n-nodes-base.postgres","nodeName":"Insert or update rows in a table","nodeId":"f1a1f5ea-ec4a-4dc3-a88a-8de54cedadc2"}}
{"__type":"$$EventMessageConfirm","confirm":"73a8e5ca-f35b-4cff-af0b-63e0a7fa1dd2","ts":"2025-08-10T14:51:03.577-04:00","source":{"id":"0","name":"eventBus"}}
{"__type":"$$EventMessageNode","id":"f796deec-5dc6-40ae-af75-361b77fc5d9b","ts":"2025-08-10T14:51:07.724-04:00","eventName":"n8n.node.finished","message":"n8n.node.finished","payload":{"workflowId":"AR0VXG3JTocqYcyJ","workflowName":"Agendamentos Odonto","executionId":"538","nodeType":"n8n-nodes-base.postgres","nodeName":"Insert or update rows in a table","nodeId":"f1a1f5ea-ec4a-4dc3-a88a-8de54cedadc2"}}
{"__type":"$$EventMessageConfirm","confirm":"f796deec-5dc6-40ae-af75-361b77fc5d9b","ts":"2025-08-10T14:51:07.725-04:00","source":{"id":"0","name":"eventBus"}}
{"__type":"$$EventMessageNode","id":"56a3a5e2-49a1-49fd-8dd9-570d8dcb91ce","ts":"2025-08-10T14:51:07.727-04:00","eventName":"n8n.node.started","message":"n8n.node.started","payload":{"workflowId":"AR0VXG3JTocqYcyJ","workflowName":"Agendamentos Odonto","executionId":"538","nodeType":"n8n-nodes-base.postgres","nodeName":"Conversor ID Dentistas","nodeId":"e1164ac6-572c-423e-8459-eac2974a3a2d"}}
{"__type":"$$EventMessageConfirm","confirm":"56a3a5e2-49a1-49fd-8dd9-570d8dcb91ce","ts":"2025-08-10T14:51:07.729-04:00","source":{"id":"0","name":"eventBus"}}
{"__type":"$$EventMessageNode","id":"a8c73964-a238-433f-bad3-db27c472128a","ts":"2025-08-10T14:51:07.783-04:00","eventName":"n8n.node.finished","message":"n8n.node.finished","payload":{"workflowId":"AR0VXG3JTocqYcyJ","workflowName":"Agendamentos Odonto","executionId":"538","nodeType":"n8n-nodes-base.postgres","nodeName":"Conversor ID Dentistas","nodeId":"e1164ac6-572c-423e-8459-eac2974a3a2d"}}
{"__type":"$$EventMessageConfirm","confirm":"a8c73964-a238-433f-bad3-db27c472128a","ts":"2025-08-10T14:51:07.784-04:00","source":{"id":"0","name":"eventBus"}}
{"__type":"$$EventMessageNode","id":"dde11e01-3f3a-4906-ab4a-570930c78899","ts":"2025-08-10T14:51:07.786-04:00","eventName":"n8n.node.started","message":"n8n.node.started","payload":{"workflowId":"AR0VXG3JTocqYcyJ","workflowName":"Agendamentos Odonto","executionId":"538","nodeType":"n8n-nodes-base.postgres","nodeName":"Conversor ID Procedimentos","nodeId":"7859f776-3a3c-4855-917a-32eeb538ae8b"}}
{"__type":"$$EventMessageConfirm","confirm":"dde11e01-3f3a-4906-ab4a-570930c78899","ts":"2025-08-10T14:51:07.788-04:00","source":{"id":"0","name":"eventBus"}}
{"__type":"$$EventMessageNode","id":"d5fba7e3-e871-42c7-a1c5-8dca4d4f7396","ts":"2025-08-10T14:51:07.833-04:00","eventName":"n8n.node.finished","message":"n8n.node.finished","payload":{"workflowId":"AR0VXG3JTocqYcyJ","workflowName":"Agendamentos Odonto","executionId":"538","nodeType":"n8n-nodes-base.postgres","nodeName":"Conversor ID Procedimentos","nodeId":"7859f776-3a3c-4855-917a-32eeb538ae8b"}}
{"__type":"$$EventMessageConfirm","confirm":"d5fba7e3-e871-42c7-a1c5-8dca4d4f7396","ts":"2025-08-10T14:51:07.834-04:00","source":{"id":"0","name":"eventBus"}}
{"__type":"$$EventMessageNode","id":"8f41254c-b20c-4182-9898-45374e86bcbc","ts":"2025-08-10T14:51:07.835-04:00","eventName":"n8n.node.started","message":"n8n.node.started","payload":{"workflowId":"AR0VXG3JTocqYcyJ","workflowName":"Agendamentos Odonto","executionId":"538","nodeType":"n8n-nodes-base.postgres","nodeName":"Conversor ID Convênios","nodeId":"97baab43-be79-424c-a53d-ad86b7c08346"}}
{"__type":"$$EventMessageConfirm","confirm":"8f41254c-b20c-4182-9898-45374e86bcbc","ts":"2025-08-10T14:51:07.835-04:00","source":{"id":"0","name":"eventBus"}}
{"__type":"$$EventMessageNode","id":"8be6c50b-a636-45e3-9573-ca8952d0b050","ts":"2025-08-10T14:51:07.886-04:00","eventName":"n8n.node.finished","message":"n8n.node.finished","payload":{"workflowId":"AR0VXG3JTocqYcyJ","workflowName":"Agendamentos Odonto","executionId":"538","nodeType":"n8n-nodes-base.postgres","nodeName":"Conversor ID Convênios","nodeId":"97baab43-be79-424c-a53d-ad86b7c08346"}}
{"__type":"$$EventMessageConfirm","confirm":"8be6c50b-a636-45e3-9573-ca8952d0b050","ts":"2025-08-10T14:51:07.887-04:00","source":{"id":"0","name":"eventBus"}}
{"__type":"$$EventMessageNode","id":"2553dd9a-42f3-4414-ae4b-258f3f497648","ts":"2025-08-10T14:51:07.888-04:00","eventName":"n8n.node.started","message":"n8n.node.started","payload":{"workflowId":"AR0VXG3JTocqYcyJ","workflowName":"Agendamentos Odonto","executionId":"538","nodeType":"n8n-nodes-base.if","nodeName":"If","nodeId":"90fedd05-b171-4f4d-a77f-7fab5dd908e0"}}
{"__type":"$$EventMessageConfirm","confirm":"2553dd9a-42f3-4414-ae4b-258f3f497648","ts":"2025-08-10T14:51:07.889-04:00","source":{"id":"0","name":"eventBus"}}
{"__type":"$$EventMessageNode","id":"27ed2959-d590-4875-a6b8-2070b6cfe9e3","ts":"2025-08-10T14:51:08.011-04:00","eventName":"n8n.node.finished","message":"n8n.node.finished","payload":{"workflowId":"AR0VXG3JTocqYcyJ","workflowName":"Agendamentos Odonto","executionId":"538","nodeType":"n8n-nodes-base.if","nodeName":"If","nodeId":"90fedd05-b171-4f4d-a77f-7fab5dd908e0"}}
{"__type":"$$EventMessageConfirm","confirm":"27ed2959-d590-4875-a6b8-2070b6cfe9e3","ts":"2025-08-10T14:51:08.012-04:00","source":{"id":"0","name":"eventBus"}}
{"__type":"$$EventMessageNode","id":"4e238cfc-a4ac-4e2e-a118-359500548913","ts":"2025-08-10T14:51:08.023-04:00","eventName":"n8n.node.started","message":"n8n.node.started","payload":{"workflowId":"AR0VXG3JTocqYcyJ","workflowName":"Agendamentos Odonto","executionId":"538","nodeType":"n8n-nodes-base.code","nodeName":"Verificador de disponibilidade","nodeId":"12715929-853f-4d1e-b5b3-f1fcde008343"}}
{"__type":"$$EventMessageConfirm","confirm":"4e238cfc-a4ac-4e2e-a118-359500548913","ts":"2025-08-10T14:51:08.024-04:00","source":{"id":"0","name":"eventBus"}}
{"__type":"$$EventMessageNode","id":"bd14ae67-22e5-4e80-88d6-7e40fa48a455","ts":"2025-08-10T14:51:08.069-04:00","eventName":"n8n.node.finished","message":"n8n.node.finished","payload":{"workflowId":"AR0VXG3JTocqYcyJ","workflowName":"Agendamentos Odonto","executionId":"538","nodeType":"n8n-nodes-base.code","nodeName":"Verificador de disponibilidade","nodeId":"12715929-853f-4d1e-b5b3-f1fcde008343"}}
{"__type":"$$EventMessageConfirm","confirm":"bd14ae67-22e5-4e80-88d6-7e40fa48a455","ts":"2025-08-10T14:51:08.070-04:00","source":{"id":"0","name":"eventBus"}}
{"__type":"$$EventMessageNode","id":"7a354000-6e6f-4c73-98c2-60dea7c2e244","ts":"2025-08-10T14:51:08.072-04:00","eventName":"n8n.node.started","message":"n8n.node.started","payload":{"workflowId":"AR0VXG3JTocqYcyJ","workflowName":"Agendamentos Odonto","executionId":"538","nodeType":"n8n-nodes-base.if","nodeName":"If1","nodeId":"f3dcb38b-cf82-42eb-a2cf-ecd2409ad44c"}}
{"__type":"$$EventMessageConfirm","confirm":"7a354000-6e6f-4c73-98c2-60dea7c2e244","ts":"2025-08-10T14:51:08.074-04:00","source":{"id":"0","name":"eventBus"}}
{"__type":"$$EventMessageNode","id":"0ee6781f-2393-47c1-b565-c089c564c8cb","ts":"2025-08-10T14:51:08.142-04:00","eventName":"n8n.node.finished","message":"n8n.node.finished","payload":{"workflowId":"AR0VXG3JTocqYcyJ","workflowName":"Agendamentos Odonto","executionId":"538","nodeType":"n8n-nodes-base.if","nodeName":"If1","nodeId":"f3dcb38b-cf82-42eb-a2cf-ecd2409ad44c"}}
{"__type":"$$EventMessageConfirm","confirm":"0ee6781f-2393-47c1-b565-c089c564c8cb","ts":"2025-08-10T14:51:08.143-04:00","source":{"id":"0","name":"eventBus"}}
{"__type":"$$EventMessageNode","id":"3fd65989-7153-46b9-a3c9-5486b34a562e","ts":"2025-08-10T14:51:08.147-04:00","eventName":"n8n.node.started","message":"n8n.node.started","payload":{"workflowId":"AR0VXG3JTocqYcyJ","workflowName":"Agendamentos Odonto","executionId":"538","nodeType":"n8n-nodes-base.googleSheets","nodeName":"Registro de agendamentos","nodeId":"d18e35a0-9fb3-462c-af4c-2269d9456d94"}}
{"__type":"$$EventMessageConfirm","confirm":"3fd65989-7153-46b9-a3c9-5486b34a562e","ts":"2025-08-10T14:51:08.150-04:00","source":{"id":"0","name":"eventBus"}}
{"__type":"$$EventMessageNode","id":"754c3a06-93f9-405d-9795-22ac71390b85","ts":"2025-08-10T14:51:13.235-04:00","eventName":"n8n.node.finished","message":"n8n.node.finished","payload":{"workflowId":"AR0VXG3JTocqYcyJ","workflowName":"Agendamentos Odonto","executionId":"538","nodeType":"n8n-nodes-base.googleSheets","nodeName":"Registro de agendamentos","nodeId":"d18e35a0-9fb3-462c-af4c-2269d9456d94"}}
{"__type":"$$EventMessageConfirm","confirm":"754c3a06-93f9-405d-9795-22ac71390b85","ts":"2025-08-10T14:51:13.236-04:00","source":{"id":"0","name":"eventBus"}}
{"__type":"$$EventMessageNode","id":"83f26236-91ea-4591-900f-b2238f318bdf","ts":"2025-08-10T14:51:13.237-04:00","eventName":"n8n.node.started","message":"n8n.node.started","payload":{"workflowId":"AR0VXG3JTocqYcyJ","workflowName":"Agendamentos Odonto","executionId":"538","nodeType":"n8n-nodes-base.code","nodeName":"Formatador de tempo","nodeId":"2097c450-6e96-4ede-8a57-cd75b37ab8d0"}}
{"__type":"$$EventMessageConfirm","confirm":"83f26236-91ea-4591-900f-b2238f318bdf","ts":"2025-08-10T14:51:13.240-04:00","source":{"id":"0","name":"eventBus"}}
{"__type":"$$EventMessageNode","id":"c479fed4-a5bc-4708-bff7-76ad769b6f44","ts":"2025-08-10T14:51:13.278-04:00","eventName":"n8n.node.finished","message":"n8n.node.finished","payload":{"workflowId":"AR0VXG3JTocqYcyJ","workflowName":"Agendamentos Odonto","executionId":"538","nodeType":"n8n-nodes-base.code","nodeName":"Formatador de tempo","nodeId":"2097c450-6e96-4ede-8a57-cd75b37ab8d0"}}
{"__type":"$$EventMessageConfirm","confirm":"c479fed4-a5bc-4708-bff7-76ad769b6f44","ts":"2025-08-10T14:51:13.282-04:00","source":{"id":"0","name":"eventBus"}}
{"__type":"$$EventMessageNode","id":"3782b5d0-94c9-4b48-baaa-d47f07aa907b","ts":"2025-08-10T14:51:13.284-04:00","eventName":"n8n.node.started","message":"n8n.node.started","payload":{"workflowId":"AR0VXG3JTocqYcyJ","workflowName":"Agendamentos Odonto","executionId":"538","nodeType":"n8n-nodes-base.googleCalendar","nodeName":"Criador de agendamentos","nodeId":"448b7202-256c-4cc1-8d2e-29643ba895d5"}}
{"__type":"$$EventMessageConfirm","confirm":"3782b5d0-94c9-4b48-baaa-d47f07aa907b","ts":"2025-08-10T14:51:13.285-04:00","source":{"id":"0","name":"eventBus"}}
{"__type":"$$EventMessageNode","id":"b8a9575b-cbbc-44cf-a6cf-a3e5f573ebf5","ts":"2025-08-10T14:51:14.920-04:00","eventName":"n8n.node.finished","message":"n8n.node.finished","payload":{"workflowId":"AR0VXG3JTocqYcyJ","workflowName":"Agendamentos Odonto","executionId":"538","nodeType":"n8n-nodes-base.googleCalendar","nodeName":"Criador de agendamentos","nodeId":"448b7202-256c-4cc1-8d2e-29643ba895d5"}}
{"__type":"$$EventMessageConfirm","confirm":"b8a9575b-cbbc-44cf-a6cf-a3e5f573ebf5","ts":"2025-08-10T14:51:14.921-04:00","source":{"id":"0","name":"eventBus"}}
{"__type":"$$EventMessageNode","id":"eb83e8b6-77e4-4b79-a8f4-5115de867817","ts":"2025-08-10T14:51:14.922-04:00","eventName":"n8n.node.started","message":"n8n.node.started","payload":{"workflowId":"AR0VXG3JTocqYcyJ","workflowName":"Agendamentos Odonto","executionId":"538","nodeType":"n8n-nodes-base.postgres","nodeName":"Insert or update rows in a table1","nodeId":"239c350c-c770-4d22-ae51-9c1976173755"}}
{"__type":"$$EventMessageConfirm","confirm":"eb83e8b6-77e4-4b79-a8f4-5115de867817","ts":"2025-08-10T14:51:14.923-04:00","source":{"id":"0","name":"eventBus"}}
{"__type":"$$EventMessageNode","id":"53893cc0-555d-48bc-98a8-cd02ec109a0a","ts":"2025-08-10T14:51:15.157-04:00","eventName":"n8n.node.finished","message":"n8n.node.finished","payload":{"workflowId":"AR0VXG3JTocqYcyJ","workflowName":"Agendamentos Odonto","executionId":"538","nodeType":"n8n-nodes-base.postgres","nodeName":"Insert or update rows in a table1","nodeId":"239c350c-c770-4d22-ae51-9c1976173755"}}
{"__type":"$$EventMessageConfirm","confirm":"53893cc0-555d-48bc-98a8-cd02ec109a0a","ts":"2025-08-10T14:51:15.158-04:00","source":{"id":"0","name":"eventBus"}}
{"__type":"$$EventMessageNode","id":"87ad0330-ef14-4b6f-8543-c806a842e194","ts":"2025-08-10T14:51:15.159-04:00","eventName":"n8n.node.started","message":"n8n.node.started","payload":{"workflowId":"AR0VXG3JTocqYcyJ","workflowName":"Agendamentos Odonto","executionId":"538","nodeType":"n8n-nodes-base.googleCalendar","nodeName":"Invite para o paciente","nodeId":"850d5389-6627-4d07-aa08-8e73eb1124d8"}}
{"__type":"$$EventMessageConfirm","confirm":"87ad0330-ef14-4b6f-8543-c806a842e194","ts":"2025-08-10T14:51:15.160-04:00","source":{"id":"0","name":"eventBus"}}
{"__type":"$$EventMessageNode","id":"c9b3efee-61ce-41eb-b26a-11132525e872","ts":"2025-08-10T14:51:15.996-04:00","eventName":"n8n.node.finished","message":"n8n.node.finished","payload":{"workflowId":"AR0VXG3JTocqYcyJ","workflowName":"Agendamentos Odonto","executionId":"538","nodeType":"n8n-nodes-base.googleCalendar","nodeName":"Invite para o paciente","nodeId":"850d5389-6627-4d07-aa08-8e73eb1124d8"}}
{"__type":"$$EventMessageConfirm","confirm":"c9b3efee-61ce-41eb-b26a-11132525e872","ts":"2025-08-10T14:51:15.997-04:00","source":{"id":"0","name":"eventBus"}}
{"__type":"$$EventMessageNode","id":"a0821d06-421f-43e5-8fdd-3267a5dca7d9","ts":"2025-08-10T14:51:15.998-04:00","eventName":"n8n.node.started","message":"n8n.node.started","payload":{"workflowId":"AR0VXG3JTocqYcyJ","workflowName":"Agendamentos Odonto","executionId":"538","nodeType":"n8n-nodes-base.googleSheets","nodeName":"Adiciona ID Google","nodeId":"69d7be95-a6c3-4f2f-bbdb-481110088829"}}
{"__type":"$$EventMessageConfirm","confirm":"a0821d06-421f-43e5-8fdd-3267a5dca7d9","ts":"2025-08-10T14:51:15.999-04:00","source":{"id":"0","name":"eventBus"}}
{"__type":"$$EventMessageNode","id":"0e67c4ba-b028-47e2-a96c-1cbc8d418b62","ts":"2025-08-10T14:51:17.021-04:00","eventName":"n8n.node.finished","message":"n8n.node.finished","payload":{"workflowId":"AR0VXG3JTocqYcyJ","workflowName":"Agendamentos Odonto","executionId":"538","nodeType":"n8n-nodes-base.googleSheets","nodeName":"Adiciona ID Google","nodeId":"69d7be95-a6c3-4f2f-bbdb-481110088829"}}
{"__type":"$$EventMessageConfirm","confirm":"0e67c4ba-b028-47e2-a96c-1cbc8d418b62","ts":"2025-08-10T14:51:17.023-04:00","source":{"id":"0","name":"eventBus"}}
{"__type":"$$EventMessageNode","id":"3828a0d3-315f-4063-8edc-0460f89e3560","ts":"2025-08-10T14:51:17.024-04:00","eventName":"n8n.node.started","message":"n8n.node.started","payload":{"workflowId":"AR0VXG3JTocqYcyJ","workflowName":"Agendamentos Odonto","executionId":"538","nodeType":"n8n-nodes-base.switch","nodeName":"Switch","nodeId":"50780339-6dd9-4227-86cf-ae307e0d708e"}}
{"__type":"$$EventMessageConfirm","confirm":"3828a0d3-315f-4063-8edc-0460f89e3560","ts":"2025-08-10T14:51:17.026-04:00","source":{"id":"0","name":"eventBus"}}
{"__type":"$$EventMessageNode","id":"298c66d0-71b7-4068-8665-15516f702a77","ts":"2025-08-10T14:51:17.031-04:00","eventName":"n8n.node.finished","message":"n8n.node.finished","payload":{"workflowId":"AR0VXG3JTocqYcyJ","workflowName":"Agendamentos Odonto","executionId":"538","nodeType":"n8n-nodes-base.switch","nodeName":"Switch","nodeId":"50780339-6dd9-4227-86cf-ae307e0d708e"}}
{"__type":"$$EventMessageConfirm","confirm":"298c66d0-71b7-4068-8665-15516f702a77","ts":"2025-08-10T14:51:17.032-04:00","source":{"id":"0","name":"eventBus"}}
{"__type":"$$EventMessageNode","id":"415c63a5-3abd-48fd-99b0-97c3a9e8bd05","ts":"2025-08-10T14:51:17.033-04:00","eventName":"n8n.node.started","message":"n8n.node.started","payload":{"workflowId":"AR0VXG3JTocqYcyJ","workflowName":"Agendamentos Odonto","executionId":"538","nodeType":"n8n-nodes-base.emailSend","nodeName":"Send email","nodeId":"52fc676d-89e4-4128-80c5-a8f569c4e8b5"}}
{"__type":"$$EventMessageConfirm","confirm":"415c63a5-3abd-48fd-99b0-97c3a9e8bd05","ts":"2025-08-10T14:51:17.035-04:00","source":{"id":"0","name":"eventBus"}}
{"__type":"$$EventMessageNode","id":"ad51146a-fcfa-4e7d-b0da-00f22669af54","ts":"2025-08-10T14:51:19.205-04:00","eventName":"n8n.node.finished","message":"n8n.node.finished","payload":{"workflowId":"AR0VXG3JTocqYcyJ","workflowName":"Agendamentos Odonto","executionId":"538","nodeType":"n8n-nodes-base.emailSend","nodeName":"Send email","nodeId":"52fc676d-89e4-4128-80c5-a8f569c4e8b5"}}
{"__type":"$$EventMessageConfirm","confirm":"ad51146a-fcfa-4e7d-b0da-00f22669af54","ts":"2025-08-10T14:51:19.207-04:00","source":{"id":"0","name":"eventBus"}}
{"__type":"$$EventMessageWorkflow","id":"05f0f8e3-53d0-4374-beb4-ec7db5c28815","ts":"2025-08-10T14:51:19.220-04:00","eventName":"n8n.workflow.success","message":"n8n.workflow.success","payload":{"executionId":"538","success":true,"isManual":false,"workflowId":"AR0VXG3JTocqYcyJ","workflowName":"Agendamentos Odonto"}}
{"__type":"$$EventMessageConfirm","confirm":"05f0f8e3-53d0-4374-beb4-ec7db5c28815","ts":"2025-08-10T14:51:19.221-04:00","source":{"id":"0","name":"eventBus"}}
{"__type":"$$EventMessageWorkflow","id":"963c554c-cc2e-4b7a-bad3-62d6281ba849","ts":"2025-08-10T14:52:34.099-04:00","eventName":"n8n.workflow.started","message":"n8n.workflow.started","payload":{"executionId":"539","workflowId":"y8LMqXLhUg5zX3e5","isManual":false,"workflowName":"Lembretes Diarios"}}
{"__type":"$$EventMessageConfirm","confirm":"963c554c-cc2e-4b7a-bad3-62d6281ba849","ts":"2025-08-10T14:52:34.100-04:00","source":{"id":"0","name":"eventBus"}}
{"__type":"$$EventMessageNode","id":"355e7435-fe6e-43d5-a854-446269e2cf5a","ts":"2025-08-10T14:52:34.115-04:00","eventName":"n8n.node.started","message":"n8n.node.started","payload":{"workflowId":"y8LMqXLhUg5zX3e5","workflowName":"Lembretes Diarios","executionId":"539","nodeType":"n8n-nodes-base.scheduleTrigger","nodeName":"Schedule Trigger","nodeId":"f1b23681-f754-4c2d-8671-af8d91552bc2"}}
{"__type":"$$EventMessageConfirm","confirm":"355e7435-fe6e-43d5-a854-446269e2cf5a","ts":"2025-08-10T14:52:34.117-04:00","source":{"id":"0","name":"eventBus"}}
{"__type":"$$EventMessageNode","id":"7f1a0465-f84c-44e6-8248-2fc8984f67b2","ts":"2025-08-10T14:52:34.145-04:00","eventName":"n8n.node.finished","message":"n8n.node.finished","payload":{"workflowId":"y8LMqXLhUg5zX3e5","workflowName":"Lembretes Diarios","executionId":"539","nodeType":"n8n-nodes-base.scheduleTrigger","nodeName":"Schedule Trigger","nodeId":"f1b23681-f754-4c2d-8671-af8d91552bc2"}}
{"__type":"$$EventMessageConfirm","confirm":"7f1a0465-f84c-44e6-8248-2fc8984f67b2","ts":"2025-08-10T14:52:34.146-04:00","source":{"id":"0","name":"eventBus"}}
{"__type":"$$EventMessageNode","id":"e95af9e0-3a6e-40af-b0cf-1d7f7840da5f","ts":"2025-08-10T14:52:34.148-04:00","eventName":"n8n.node.started","message":"n8n.node.started","payload":{"workflowId":"y8LMqXLhUg5zX3e5","workflowName":"Lembretes Diarios","executionId":"539","nodeType":"n8n-nodes-base.code","nodeName":"Seletor de dias úteis","nodeId":"7edff2f7-1894-48b4-af66-2a3bc8d53cf2"}}
{"__type":"$$EventMessageConfirm","confirm":"e95af9e0-3a6e-40af-b0cf-1d7f7840da5f","ts":"2025-08-10T14:52:34.149-04:00","source":{"id":"0","name":"eventBus"}}
{"__type":"$$EventMessageNode","id":"78171fd4-37eb-4921-8290-e02f901a418c","ts":"2025-08-10T14:52:34.193-04:00","eventName":"n8n.node.finished","message":"n8n.node.finished","payload":{"workflowId":"y8LMqXLhUg5zX3e5","workflowName":"Lembretes Diarios","executionId":"539","nodeType":"n8n-nodes-base.code","nodeName":"Seletor de dias úteis","nodeId":"7edff2f7-1894-48b4-af66-2a3bc8d53cf2"}}
{"__type":"$$EventMessageConfirm","confirm":"78171fd4-37eb-4921-8290-e02f901a418c","ts":"2025-08-10T14:52:34.195-04:00","source":{"id":"0","name":"eventBus"}}
{"__type":"$$EventMessageNode","id":"b42f2014-e77d-4aff-8a8b-e853b2ae92af","ts":"2025-08-10T14:52:34.198-04:00","eventName":"n8n.node.started","message":"n8n.node.started","payload":{"workflowId":"y8LMqXLhUg5zX3e5","workflowName":"Lembretes Diarios","executionId":"539","nodeType":"n8n-nodes-base.googleCalendar","nodeName":"Get many events","nodeId":"4586d6e2-ce96-49ce-bfff-49e8a30807ae"}}
{"__type":"$$EventMessageConfirm","confirm":"b42f2014-e77d-4aff-8a8b-e853b2ae92af","ts":"2025-08-10T14:52:34.199-04:00","source":{"id":"0","name":"eventBus"}}
{"__type":"$$EventMessageNode","id":"0fcbeb56-fcd3-4ac4-ad70-92355b18844a","ts":"2025-08-10T14:52:34.641-04:00","eventName":"n8n.node.finished","message":"n8n.node.finished","payload":{"workflowId":"y8LMqXLhUg5zX3e5","workflowName":"Lembretes Diarios","executionId":"539","nodeType":"n8n-nodes-base.googleCalendar","nodeName":"Get many events","nodeId":"4586d6e2-ce96-49ce-bfff-49e8a30807ae"}}
{"__type":"$$EventMessageConfirm","confirm":"0fcbeb56-fcd3-4ac4-ad70-92355b18844a","ts":"2025-08-10T14:52:34.642-04:00","source":{"id":"0","name":"eventBus"}}
{"__type":"$$EventMessageNode","id":"8ebe5aa6-4a7a-45c8-a59a-01aa25144b88","ts":"2025-08-10T14:52:34.645-04:00","eventName":"n8n.node.started","message":"n8n.node.started","payload":{"workflowId":"y8LMqXLhUg5zX3e5","workflowName":"Lembretes Diarios","executionId":"539","nodeType":"n8n-nodes-base.splitInBatches","nodeName":"Loop Over Items","nodeId":"49b0c2e6-dd43-46f1-b51f-e25d4d410dc7"}}
{"__type":"$$EventMessageConfirm","confirm":"8ebe5aa6-4a7a-45c8-a59a-01aa25144b88","ts":"2025-08-10T14:52:34.654-04:00","source":{"id":"0","name":"eventBus"}}
{"__type":"$$EventMessageNode","id":"e843b680-4164-4b89-bacf-b2fcc0c885d2","ts":"2025-08-10T14:52:34.669-04:00","eventName":"n8n.node.finished","message":"n8n.node.finished","payload":{"workflowId":"y8LMqXLhUg5zX3e5","workflowName":"Lembretes Diarios","executionId":"539","nodeType":"n8n-nodes-base.splitInBatches","nodeName":"Loop Over Items","nodeId":"49b0c2e6-dd43-46f1-b51f-e25d4d410dc7"}}
{"__type":"$$EventMessageConfirm","confirm":"e843b680-4164-4b89-bacf-b2fcc0c885d2","ts":"2025-08-10T14:52:34.670-04:00","source":{"id":"0","name":"eventBus"}}
{"__type":"$$EventMessageNode","id":"1377e1f9-9629-4f8c-9d08-a801bc0ebee2","ts":"2025-08-10T14:52:34.695-04:00","eventName":"n8n.node.started","message":"n8n.node.started","payload":{"workflowId":"y8LMqXLhUg5zX3e5","workflowName":"Lembretes Diarios","executionId":"539","nodeType":"n8n-nodes-base.noOp","nodeName":"Replace Me","nodeId":"4a5434f2-2500-48dd-af7d-f21b403e0cb7"}}
{"__type":"$$EventMessageConfirm","confirm":"1377e1f9-9629-4f8c-9d08-a801bc0ebee2","ts":"2025-08-10T14:52:34.696-04:00","source":{"id":"0","name":"eventBus"}}
{"__type":"$$EventMessageNode","id":"b54e11cb-e18a-46df-97f3-75f1b846d258","ts":"2025-08-10T14:52:34.700-04:00","eventName":"n8n.node.finished","message":"n8n.node.finished","payload":{"workflowId":"y8LMqXLhUg5zX3e5","workflowName":"Lembretes Diarios","executionId":"539","nodeType":"n8n-nodes-base.noOp","nodeName":"Replace Me","nodeId":"4a5434f2-2500-48dd-af7d-f21b403e0cb7"}}
{"__type":"$$EventMessageConfirm","confirm":"b54e11cb-e18a-46df-97f3-75f1b846d258","ts":"2025-08-10T14:52:34.701-04:00","source":{"id":"0","name":"eventBus"}}
{"__type":"$$EventMessageNode","id":"591f018e-4ffa-4c71-9634-f0dc45ec8f93","ts":"2025-08-10T14:52:34.712-04:00","eventName":"n8n.node.started","message":"n8n.node.started","payload":{"workflowId":"y8LMqXLhUg5zX3e5","workflowName":"Lembretes Diarios","executionId":"539","nodeType":"n8n-nodes-base.code","nodeName":"Seletor de ID Agendamento","nodeId":"143a91e7-d254-493b-acd7-855a002a8e94"}}
{"__type":"$$EventMessageConfirm","confirm":"591f018e-4ffa-4c71-9634-f0dc45ec8f93","ts":"2025-08-10T14:52:34.713-04:00","source":{"id":"0","name":"eventBus"}}
{"__type":"$$EventMessageNode","id":"78ba359f-a600-4c97-8dbe-7ce66d3fd68e","ts":"2025-08-10T14:52:34.805-04:00","eventName":"n8n.node.finished","message":"n8n.node.finished","payload":{"workflowId":"y8LMqXLhUg5zX3e5","workflowName":"Lembretes Diarios","executionId":"539","nodeType":"n8n-nodes-base.code","nodeName":"Seletor de ID Agendamento","nodeId":"143a91e7-d254-493b-acd7-855a002a8e94"}}
{"__type":"$$EventMessageConfirm","confirm":"78ba359f-a600-4c97-8dbe-7ce66d3fd68e","ts":"2025-08-10T14:52:34.806-04:00","source":{"id":"0","name":"eventBus"}}
{"__type":"$$EventMessageNode","id":"f014607f-824f-4d53-aa90-b73271913473","ts":"2025-08-10T14:52:34.819-04:00","eventName":"n8n.node.started","message":"n8n.node.started","payload":{"workflowId":"y8LMqXLhUg5zX3e5","workflowName":"Lembretes Diarios","executionId":"539","nodeType":"n8n-nodes-base.postgres","nodeName":"Select rows from a table","nodeId":"9e439c5a-2eb1-480a-ad18-28540731bd46"}}
{"__type":"$$EventMessageConfirm","confirm":"f014607f-824f-4d53-aa90-b73271913473","ts":"2025-08-10T14:52:34.820-04:00","source":{"id":"0","name":"eventBus"}}
{"__type":"$$EventMessageNode","id":"a6af5996-0b38-4c0b-8b20-f2ec4b709ef1","ts":"2025-08-10T14:52:35.401-04:00","eventName":"n8n.node.finished","message":"n8n.node.finished","payload":{"workflowId":"y8LMqXLhUg5zX3e5","workflowName":"Lembretes Diarios","executionId":"539","nodeType":"n8n-nodes-base.postgres","nodeName":"Select rows from a table","nodeId":"9e439c5a-2eb1-480a-ad18-28540731bd46"}}
{"__type":"$$EventMessageConfirm","confirm":"a6af5996-0b38-4c0b-8b20-f2ec4b709ef1","ts":"2025-08-10T14:52:35.402-04:00","source":{"id":"0","name":"eventBus"}}
{"__type":"$$EventMessageNode","id":"7de243f3-51b9-43ba-afac-5179caedd7bb","ts":"2025-08-10T14:52:35.404-04:00","eventName":"n8n.node.started","message":"n8n.node.started","payload":{"workflowId":"y8LMqXLhUg5zX3e5","workflowName":"Lembretes Diarios","executionId":"539","nodeType":"n8n-nodes-base.postgres","nodeName":"Conversor ID Dentistas","nodeId":"315581b3-ebad-4a98-9c17-f5ac9c9b36e7"}}
{"__type":"$$EventMessageConfirm","confirm":"7de243f3-51b9-43ba-afac-5179caedd7bb","ts":"2025-08-10T14:52:35.405-04:00","source":{"id":"0","name":"eventBus"}}
{"__type":"$$EventMessageNode","id":"bcc53626-b79e-489a-b56b-a6552afc14b3","ts":"2025-08-10T14:52:35.506-04:00","eventName":"n8n.node.finished","message":"n8n.node.finished","payload":{"workflowId":"y8LMqXLhUg5zX3e5","workflowName":"Lembretes Diarios","executionId":"539","nodeType":"n8n-nodes-base.postgres","nodeName":"Conversor ID Dentistas","nodeId":"315581b3-ebad-4a98-9c17-f5ac9c9b36e7"}}
{"__type":"$$EventMessageConfirm","confirm":"bcc53626-b79e-489a-b56b-a6552afc14b3","ts":"2025-08-10T14:52:35.507-04:00","source":{"id":"0","name":"eventBus"}}
{"__type":"$$EventMessageNode","id":"bdea906d-6f08-405e-867b-6b75c9d859db","ts":"2025-08-10T14:52:35.509-04:00","eventName":"n8n.node.started","message":"n8n.node.started","payload":{"workflowId":"y8LMqXLhUg5zX3e5","workflowName":"Lembretes Diarios","executionId":"539","nodeType":"n8n-nodes-base.postgres","nodeName":"Conversor ID Procedimentos","nodeId":"bb94860e-ac28-4a2a-aecd-462e3540945a"}}
{"__type":"$$EventMessageConfirm","confirm":"bdea906d-6f08-405e-867b-6b75c9d859db","ts":"2025-08-10T14:52:35.510-04:00","source":{"id":"0","name":"eventBus"}}
{"__type":"$$EventMessageNode","id":"a97df960-415b-4664-a749-09ccb41d7e7a","ts":"2025-08-10T14:52:35.617-04:00","eventName":"n8n.node.finished","message":"n8n.node.finished","payload":{"workflowId":"y8LMqXLhUg5zX3e5","workflowName":"Lembretes Diarios","executionId":"539","nodeType":"n8n-nodes-base.postgres","nodeName":"Conversor ID Procedimentos","nodeId":"bb94860e-ac28-4a2a-aecd-462e3540945a"}}
{"__type":"$$EventMessageConfirm","confirm":"a97df960-415b-4664-a749-09ccb41d7e7a","ts":"2025-08-10T14:52:35.618-04:00","source":{"id":"0","name":"eventBus"}}
{"__type":"$$EventMessageNode","id":"236b6602-5021-446a-b90e-30bc45824f52","ts":"2025-08-10T14:52:35.620-04:00","eventName":"n8n.node.started","message":"n8n.node.started","payload":{"workflowId":"y8LMqXLhUg5zX3e5","workflowName":"Lembretes Diarios","executionId":"539","nodeType":"n8n-nodes-base.postgres","nodeName":"Conversor ID Convênios","nodeId":"5c96c335-c349-4345-8f1f-b998d39ccdd2"}}
{"__type":"$$EventMessageConfirm","confirm":"236b6602-5021-446a-b90e-30bc45824f52","ts":"2025-08-10T14:52:35.631-04:00","source":{"id":"0","name":"eventBus"}}
{"__type":"$$EventMessageNode","id":"04c4a440-a28f-4b58-bd01-c80a1d04663c","ts":"2025-08-10T14:52:35.761-04:00","eventName":"n8n.node.finished","message":"n8n.node.finished","payload":{"workflowId":"y8LMqXLhUg5zX3e5","workflowName":"Lembretes Diarios","executionId":"539","nodeType":"n8n-nodes-base.postgres","nodeName":"Conversor ID Convênios","nodeId":"5c96c335-c349-4345-8f1f-b998d39ccdd2"}}
{"__type":"$$EventMessageConfirm","confirm":"04c4a440-a28f-4b58-bd01-c80a1d04663c","ts":"2025-08-10T14:52:35.762-04:00","source":{"id":"0","name":"eventBus"}}
{"__type":"$$EventMessageNode","id":"1750b2e3-2c1b-49db-99e6-eb30b9a3bef9","ts":"2025-08-10T14:52:35.769-04:00","eventName":"n8n.node.started","message":"n8n.node.started","payload":{"workflowId":"y8LMqXLhUg5zX3e5","workflowName":"Lembretes Diarios","executionId":"539","nodeType":"n8n-nodes-base.postgres","nodeName":"Conversor de nome","nodeId":"0807ecef-beff-4916-8d29-a6dbdf376980"}}
{"__type":"$$EventMessageConfirm","confirm":"1750b2e3-2c1b-49db-99e6-eb30b9a3bef9","ts":"2025-08-10T14:52:35.770-04:00","source":{"id":"0","name":"eventBus"}}
{"__type":"$$EventMessageNode","id":"f260b7c9-c445-4b4b-adca-30987ded3055","ts":"2025-08-10T14:52:35.835-04:00","eventName":"n8n.node.finished","message":"n8n.node.finished","payload":{"workflowId":"y8LMqXLhUg5zX3e5","workflowName":"Lembretes Diarios","executionId":"539","nodeType":"n8n-nodes-base.postgres","nodeName":"Conversor de nome","nodeId":"0807ecef-beff-4916-8d29-a6dbdf376980"}}
{"__type":"$$EventMessageConfirm","confirm":"f260b7c9-c445-4b4b-adca-30987ded3055","ts":"2025-08-10T14:52:35.836-04:00","source":{"id":"0","name":"eventBus"}}
{"__type":"$$EventMessageNode","id":"28042adf-cc51-48ed-bfb1-86cf6c562e3c","ts":"2025-08-10T14:52:35.838-04:00","eventName":"n8n.node.started","message":"n8n.node.started","payload":{"workflowId":"y8LMqXLhUg5zX3e5","workflowName":"Lembretes Diarios","executionId":"539","nodeType":"n8n-nodes-base.splitInBatches","nodeName":"Loop Over Items","nodeId":"49b0c2e6-dd43-46f1-b51f-e25d4d410dc7"}}
{"__type":"$$EventMessageConfirm","confirm":"28042adf-cc51-48ed-bfb1-86cf6c562e3c","ts":"2025-08-10T14:52:35.839-04:00","source":{"id":"0","name":"eventBus"}}
{"__type":"$$EventMessageNode","id":"dd50ab69-d685-4373-ab32-283e4e843387","ts":"2025-08-10T14:52:35.852-04:00","eventName":"n8n.node.finished","message":"n8n.node.finished","payload":{"workflowId":"y8LMqXLhUg5zX3e5","workflowName":"Lembretes Diarios","executionId":"539","nodeType":"n8n-nodes-base.splitInBatches","nodeName":"Loop Over Items","nodeId":"49b0c2e6-dd43-46f1-b51f-e25d4d410dc7"}}
{"__type":"$$EventMessageConfirm","confirm":"dd50ab69-d685-4373-ab32-283e4e843387","ts":"2025-08-10T14:52:35.853-04:00","source":{"id":"0","name":"eventBus"}}
{"__type":"$$EventMessageNode","id":"5bdfb12d-1366-4310-a2b2-a685dd194c94","ts":"2025-08-10T14:52:35.855-04:00","eventName":"n8n.node.started","message":"n8n.node.started","payload":{"workflowId":"y8LMqXLhUg5zX3e5","workflowName":"Lembretes Diarios","executionId":"539","nodeType":"n8n-nodes-base.noOp","nodeName":"Replace Me","nodeId":"4a5434f2-2500-48dd-af7d-f21b403e0cb7"}}
{"__type":"$$EventMessageConfirm","confirm":"5bdfb12d-1366-4310-a2b2-a685dd194c94","ts":"2025-08-10T14:52:35.858-04:00","source":{"id":"0","name":"eventBus"}}
{"__type":"$$EventMessageNode","id":"6629b9a9-9eb7-4c9b-ad2b-29cd13e88d0d","ts":"2025-08-10T14:52:35.871-04:00","eventName":"n8n.node.finished","message":"n8n.node.finished","payload":{"workflowId":"y8LMqXLhUg5zX3e5","workflowName":"Lembretes Diarios","executionId":"539","nodeType":"n8n-nodes-base.noOp","nodeName":"Replace Me","nodeId":"4a5434f2-2500-48dd-af7d-f21b403e0cb7"}}
{"__type":"$$EventMessageConfirm","confirm":"6629b9a9-9eb7-4c9b-ad2b-29cd13e88d0d","ts":"2025-08-10T14:52:35.872-04:00","source":{"id":"0","name":"eventBus"}}
{"__type":"$$EventMessageNode","id":"8a9ebf0d-6144-4180-b6b1-3940d87f72b5","ts":"2025-08-10T14:52:35.874-04:00","eventName":"n8n.node.started","message":"n8n.node.started","payload":{"workflowId":"y8LMqXLhUg5zX3e5","workflowName":"Lembretes Diarios","executionId":"539","nodeType":"n8n-nodes-base.code","nodeName":"Seletor de ID Agendamento","nodeId":"143a91e7-d254-493b-acd7-855a002a8e94"}}
{"__type":"$$EventMessageConfirm","confirm":"8a9ebf0d-6144-4180-b6b1-3940d87f72b5","ts":"2025-08-10T14:52:35.875-04:00","source":{"id":"0","name":"eventBus"}}
{"__type":"$$EventMessageNode","id":"a2b6cea1-4e1a-42b7-a13d-f691b064ce84","ts":"2025-08-10T14:52:35.926-04:00","eventName":"n8n.node.finished","message":"n8n.node.finished","payload":{"workflowId":"y8LMqXLhUg5zX3e5","workflowName":"Lembretes Diarios","executionId":"539","nodeType":"n8n-nodes-base.code","nodeName":"Seletor de ID Agendamento","nodeId":"143a91e7-d254-493b-acd7-855a002a8e94"}}
{"__type":"$$EventMessageConfirm","confirm":"a2b6cea1-4e1a-42b7-a13d-f691b064ce84","ts":"2025-08-10T14:52:35.927-04:00","source":{"id":"0","name":"eventBus"}}
{"__type":"$$EventMessageNode","id":"0f3e6baa-a91c-4b4a-aa2e-9f05ed536802","ts":"2025-08-10T14:52:35.940-04:00","eventName":"n8n.node.started","message":"n8n.node.started","payload":{"workflowId":"y8LMqXLhUg5zX3e5","workflowName":"Lembretes Diarios","executionId":"539","nodeType":"n8n-nodes-base.postgres","nodeName":"Select rows from a table","nodeId":"9e439c5a-2eb1-480a-ad18-28540731bd46"}}
{"__type":"$$EventMessageConfirm","confirm":"0f3e6baa-a91c-4b4a-aa2e-9f05ed536802","ts":"2025-08-10T14:52:35.941-04:00","source":{"id":"0","name":"eventBus"}}
{"__type":"$$EventMessageNode","id":"00e3c7af-6fa8-4e5e-b409-92584d1e9eb9","ts":"2025-08-10T14:52:36.020-04:00","eventName":"n8n.node.finished","message":"n8n.node.finished","payload":{"workflowId":"y8LMqXLhUg5zX3e5","workflowName":"Lembretes Diarios","executionId":"539","nodeType":"n8n-nodes-base.postgres","nodeName":"Select rows from a table","nodeId":"9e439c5a-2eb1-480a-ad18-28540731bd46"}}
{"__type":"$$EventMessageConfirm","confirm":"00e3c7af-6fa8-4e5e-b409-92584d1e9eb9","ts":"2025-08-10T14:52:36.021-04:00","source":{"id":"0","name":"eventBus"}}
{"__type":"$$EventMessageNode","id":"9448381d-69a1-492e-9a52-2d38b2497990","ts":"2025-08-10T14:52:36.022-04:00","eventName":"n8n.node.started","message":"n8n.node.started","payload":{"workflowId":"y8LMqXLhUg5zX3e5","workflowName":"Lembretes Diarios","executionId":"539","nodeType":"n8n-nodes-base.postgres","nodeName":"Conversor ID Dentistas","nodeId":"315581b3-ebad-4a98-9c17-f5ac9c9b36e7"}}
{"__type":"$$EventMessageConfirm","confirm":"9448381d-69a1-492e-9a52-2d38b2497990","ts":"2025-08-10T14:52:36.023-04:00","source":{"id":"0","name":"eventBus"}}
{"__type":"$$EventMessageNode","id":"4b90649b-b2d9-45b6-9575-d0cbeb839977","ts":"2025-08-10T14:52:36.064-04:00","eventName":"n8n.node.finished","message":"n8n.node.finished","payload":{"workflowId":"y8LMqXLhUg5zX3e5","workflowName":"Lembretes Diarios","executionId":"539","nodeType":"n8n-nodes-base.postgres","nodeName":"Conversor ID Dentistas","nodeId":"315581b3-ebad-4a98-9c17-f5ac9c9b36e7"}}
{"__type":"$$EventMessageConfirm","confirm":"4b90649b-b2d9-45b6-9575-d0cbeb839977","ts":"2025-08-10T14:52:36.065-04:00","source":{"id":"0","name":"eventBus"}}
{"__type":"$$EventMessageNode","id":"fc63b773-76e0-4733-abe3-40ab1de7bbe1","ts":"2025-08-10T14:52:36.066-04:00","eventName":"n8n.node.started","message":"n8n.node.started","payload":{"workflowId":"y8LMqXLhUg5zX3e5","workflowName":"Lembretes Diarios","executionId":"539","nodeType":"n8n-nodes-base.postgres","nodeName":"Conversor ID Procedimentos","nodeId":"bb94860e-ac28-4a2a-aecd-462e3540945a"}}
{"__type":"$$EventMessageConfirm","confirm":"fc63b773-76e0-4733-abe3-40ab1de7bbe1","ts":"2025-08-10T14:52:36.068-04:00","source":{"id":"0","name":"eventBus"}}
{"__type":"$$EventMessageNode","id":"267fc291-083d-482f-8ca4-b0f2e28315b0","ts":"2025-08-10T14:52:36.114-04:00","eventName":"n8n.node.finished","message":"n8n.node.finished","payload":{"workflowId":"y8LMqXLhUg5zX3e5","workflowName":"Lembretes Diarios","executionId":"539","nodeType":"n8n-nodes-base.postgres","nodeName":"Conversor ID Procedimentos","nodeId":"bb94860e-ac28-4a2a-aecd-462e3540945a"}}
{"__type":"$$EventMessageConfirm","confirm":"267fc291-083d-482f-8ca4-b0f2e28315b0","ts":"2025-08-10T14:52:36.115-04:00","source":{"id":"0","name":"eventBus"}}
{"__type":"$$EventMessageNode","id":"dcb3141d-9693-40a4-9a2b-6df342906276","ts":"2025-08-10T14:52:36.116-04:00","eventName":"n8n.node.started","message":"n8n.node.started","payload":{"workflowId":"y8LMqXLhUg5zX3e5","workflowName":"Lembretes Diarios","executionId":"539","nodeType":"n8n-nodes-base.postgres","nodeName":"Conversor ID Convênios","nodeId":"5c96c335-c349-4345-8f1f-b998d39ccdd2"}}
{"__type":"$$EventMessageConfirm","confirm":"dcb3141d-9693-40a4-9a2b-6df342906276","ts":"2025-08-10T14:52:36.117-04:00","source":{"id":"0","name":"eventBus"}}
{"__type":"$$EventMessageNode","id":"0c335f01-d538-4219-ad1b-721871c081fe","ts":"2025-08-10T14:52:36.157-04:00","eventName":"n8n.node.finished","message":"n8n.node.finished","payload":{"workflowId":"y8LMqXLhUg5zX3e5","workflowName":"Lembretes Diarios","executionId":"539","nodeType":"n8n-nodes-base.postgres","nodeName":"Conversor ID Convênios","nodeId":"5c96c335-c349-4345-8f1f-b998d39ccdd2"}}
{"__type":"$$EventMessageConfirm","confirm":"0c335f01-d538-4219-ad1b-721871c081fe","ts":"2025-08-10T14:52:36.158-04:00","source":{"id":"0","name":"eventBus"}}
{"__type":"$$EventMessageNode","id":"e00e10c2-9d88-45f4-8c08-414e87633680","ts":"2025-08-10T14:52:36.160-04:00","eventName":"n8n.node.started","message":"n8n.node.started","payload":{"workflowId":"y8LMqXLhUg5zX3e5","workflowName":"Lembretes Diarios","executionId":"539","nodeType":"n8n-nodes-base.postgres","nodeName":"Conversor de nome","nodeId":"0807ecef-beff-4916-8d29-a6dbdf376980"}}
{"__type":"$$EventMessageConfirm","confirm":"e00e10c2-9d88-45f4-8c08-414e87633680","ts":"2025-08-10T14:52:36.161-04:00","source":{"id":"0","name":"eventBus"}}
{"__type":"$$EventMessageNode","id":"4ac108e6-f258-452b-bc46-2a8772618f7a","ts":"2025-08-10T14:52:36.197-04:00","eventName":"n8n.node.finished","message":"n8n.node.finished","payload":{"workflowId":"y8LMqXLhUg5zX3e5","workflowName":"Lembretes Diarios","executionId":"539","nodeType":"n8n-nodes-base.postgres","nodeName":"Conversor de nome","nodeId":"0807ecef-beff-4916-8d29-a6dbdf376980"}}
{"__type":"$$EventMessageConfirm","confirm":"4ac108e6-f258-452b-bc46-2a8772618f7a","ts":"2025-08-10T14:52:36.198-04:00","source":{"id":"0","name":"eventBus"}}
{"__type":"$$EventMessageNode","id":"a4d91b3a-a738-41e9-9c62-5d94d9532c65","ts":"2025-08-10T14:52:36.200-04:00","eventName":"n8n.node.started","message":"n8n.node.started","payload":{"workflowId":"y8LMqXLhUg5zX3e5","workflowName":"Lembretes Diarios","executionId":"539","nodeType":"n8n-nodes-base.splitInBatches","nodeName":"Loop Over Items","nodeId":"49b0c2e6-dd43-46f1-b51f-e25d4d410dc7"}}
{"__type":"$$EventMessageConfirm","confirm":"a4d91b3a-a738-41e9-9c62-5d94d9532c65","ts":"2025-08-10T14:52:36.201-04:00","source":{"id":"0","name":"eventBus"}}
{"__type":"$$EventMessageNode","id":"171a67a5-e93e-4b1c-a2ac-8dfce7b5b563","ts":"2025-08-10T14:52:36.214-04:00","eventName":"n8n.node.finished","message":"n8n.node.finished","payload":{"workflowId":"y8LMqXLhUg5zX3e5","workflowName":"Lembretes Diarios","executionId":"539","nodeType":"n8n-nodes-base.splitInBatches","nodeName":"Loop Over Items","nodeId":"49b0c2e6-dd43-46f1-b51f-e25d4d410dc7"}}
{"__type":"$$EventMessageConfirm","confirm":"171a67a5-e93e-4b1c-a2ac-8dfce7b5b563","ts":"2025-08-10T14:52:36.215-04:00","source":{"id":"0","name":"eventBus"}}
{"__type":"$$EventMessageNode","id":"00426077-659b-4fb1-b54f-6d449f2b7f07","ts":"2025-08-10T14:52:36.227-04:00","eventName":"n8n.node.started","message":"n8n.node.started","payload":{"workflowId":"y8LMqXLhUg5zX3e5","workflowName":"Lembretes Diarios","executionId":"539","nodeType":"n8n-nodes-base.emailSend","nodeName":"Send email","nodeId":"3773b7ea-4459-4ba9-851c-7803f639197a"}}
{"__type":"$$EventMessageConfirm","confirm":"00426077-659b-4fb1-b54f-6d449f2b7f07","ts":"2025-08-10T14:52:36.228-04:00","source":{"id":"0","name":"eventBus"}}
{"__type":"$$EventMessageNode","id":"5c07a3f5-a1ed-4353-a51b-adc857d1b0ba","ts":"2025-08-10T14:52:42.763-04:00","eventName":"n8n.node.finished","message":"n8n.node.finished","payload":{"workflowId":"y8LMqXLhUg5zX3e5","workflowName":"Lembretes Diarios","executionId":"539","nodeType":"n8n-nodes-base.emailSend","nodeName":"Send email","nodeId":"3773b7ea-4459-4ba9-851c-7803f639197a"}}
{"__type":"$$EventMessageConfirm","confirm":"5c07a3f5-a1ed-4353-a51b-adc857d1b0ba","ts":"2025-08-10T14:52:42.765-04:00","source":{"id":"0","name":"eventBus"}}
{"__type":"$$EventMessageWorkflow","id":"b6b6ed40-c967-4e52-b73a-ce2be9a89982","ts":"2025-08-10T14:52:42.809-04:00","eventName":"n8n.workflow.success","message":"n8n.workflow.success","payload":{"userId":"02968c0f-bbe1-439e-9fea-1a7517d20589","executionId":"539","success":true,"isManual":true,"workflowId":"y8LMqXLhUg5zX3e5","workflowName":"Lembretes Diarios"}}
{"__type":"$$EventMessageConfirm","confirm":"b6b6ed40-c967-4e52-b73a-ce2be9a89982","ts":"2025-08-10T14:52:42.810-04:00","source":{"id":"0","name":"eventBus"}}
{"__type":"$$EventMessageWorkflow","id":"31a21059-8278-454c-8638-973d56b42c70","ts":"2025-08-10T14:53:20.805-04:00","eventName":"n8n.workflow.started","message":"n8n.workflow.started","payload":{"executionId":"540","workflowId":"MfkvHDFxwlaiV0W1","isManual":false,"workflowName":"Recepcionista"}}
{"__type":"$$EventMessageConfirm","confirm":"31a21059-8278-454c-8638-973d56b42c70","ts":"2025-08-10T14:53:20.808-04:00","source":{"id":"0","name":"eventBus"}}
{"__type":"$$EventMessageNode","id":"84a9dd4a-0df7-4af1-9e67-07aac095c670","ts":"2025-08-10T14:53:20.811-04:00","eventName":"n8n.node.started","message":"n8n.node.started","payload":{"workflowId":"MfkvHDFxwlaiV0W1","workflowName":"Recepcionista","executionId":"540","nodeType":"n8n-nodes-base.webhook","nodeName":"Webhook","nodeId":"e58d8423-5ffa-4848-a70c-dc0e3f4ca9e1"}}
{"__type":"$$EventMessageConfirm","confirm":"84a9dd4a-0df7-4af1-9e67-07aac095c670","ts":"2025-08-10T14:53:20.812-04:00","source":{"id":"0","name":"eventBus"}}
{"__type":"$$EventMessageNode","id":"4340e6f9-37a4-4765-b20c-2e33b334cf73","ts":"2025-08-10T14:53:20.813-04:00","eventName":"n8n.node.finished","message":"n8n.node.finished","payload":{"workflowId":"MfkvHDFxwlaiV0W1","workflowName":"Recepcionista","executionId":"540","nodeType":"n8n-nodes-base.webhook","nodeName":"Webhook","nodeId":"e58d8423-5ffa-4848-a70c-dc0e3f4ca9e1"}}
{"__type":"$$EventMessageConfirm","confirm":"4340e6f9-37a4-4765-b20c-2e33b334cf73","ts":"2025-08-10T14:53:20.815-04:00","source":{"id":"0","name":"eventBus"}}
{"__type":"$$EventMessageNode","id":"74e23241-162a-437d-91da-9900d4abdb26","ts":"2025-08-10T14:53:20.816-04:00","eventName":"n8n.node.started","message":"n8n.node.started","payload":{"workflowId":"MfkvHDFxwlaiV0W1","workflowName":"Recepcionista","executionId":"540","nodeType":"n8n-nodes-base.postgres","nodeName":"Select rows from a table","nodeId":"ea1b13be-70ba-482b-883a-91484f141192"}}
{"__type":"$$EventMessageConfirm","confirm":"74e23241-162a-437d-91da-9900d4abdb26","ts":"2025-08-10T14:53:20.817-04:00","source":{"id":"0","name":"eventBus"}}
{"__type":"$$EventMessageNode","id":"dc4008e3-2d90-416d-8305-4722dde3d657","ts":"2025-08-10T14:53:20.992-04:00","eventName":"n8n.node.finished","message":"n8n.node.finished","payload":{"workflowId":"MfkvHDFxwlaiV0W1","workflowName":"Recepcionista","executionId":"540","nodeType":"n8n-nodes-base.postgres","nodeName":"Select rows from a table","nodeId":"ea1b13be-70ba-482b-883a-91484f141192"}}
{"__type":"$$EventMessageConfirm","confirm":"dc4008e3-2d90-416d-8305-4722dde3d657","ts":"2025-08-10T14:53:20.993-04:00","source":{"id":"0","name":"eventBus"}}
{"__type":"$$EventMessageNode","id":"8f2b1ec2-e0db-4117-95da-f8d2a1cce4e6","ts":"2025-08-10T14:53:20.995-04:00","eventName":"n8n.node.started","message":"n8n.node.started","payload":{"workflowId":"MfkvHDFxwlaiV0W1","workflowName":"Recepcionista","executionId":"540","nodeType":"n8n-nodes-base.if","nodeName":"If2","nodeId":"33c754fa-de07-4be3-99f0-8858289b77d5"}}
{"__type":"$$EventMessageConfirm","confirm":"8f2b1ec2-e0db-4117-95da-f8d2a1cce4e6","ts":"2025-08-10T14:53:20.996-04:00","source":{"id":"0","name":"eventBus"}}
{"__type":"$$EventMessageNode","id":"e22a819d-e8aa-480f-a568-61bf31d382cd","ts":"2025-08-10T14:53:21.001-04:00","eventName":"n8n.node.finished","message":"n8n.node.finished","payload":{"workflowId":"MfkvHDFxwlaiV0W1","workflowName":"Recepcionista","executionId":"540","nodeType":"n8n-nodes-base.if","nodeName":"If2","nodeId":"33c754fa-de07-4be3-99f0-8858289b77d5"}}
{"__type":"$$EventMessageConfirm","confirm":"e22a819d-e8aa-480f-a568-61bf31d382cd","ts":"2025-08-10T14:53:21.004-04:00","source":{"id":"0","name":"eventBus"}}
{"__type":"$$EventMessageNode","id":"c388b354-b7f9-435d-af46-bbe51326d282","ts":"2025-08-10T14:53:21.009-04:00","eventName":"n8n.node.started","message":"n8n.node.started","payload":{"workflowId":"MfkvHDFxwlaiV0W1","workflowName":"Recepcionista","executionId":"540","nodeType":"n8n-nodes-base.if","nodeName":"If","nodeId":"fd7b905a-e115-4c0e-90cd-365c93fdca41"}}
{"__type":"$$EventMessageConfirm","confirm":"c388b354-b7f9-435d-af46-bbe51326d282","ts":"2025-08-10T14:53:21.010-04:00","source":{"id":"0","name":"eventBus"}}
{"__type":"$$EventMessageNode","id":"ed33d1bb-a6e6-4101-995d-1de433c49786","ts":"2025-08-10T14:53:21.039-04:00","eventName":"n8n.node.finished","message":"n8n.node.finished","payload":{"workflowId":"MfkvHDFxwlaiV0W1","workflowName":"Recepcionista","executionId":"540","nodeType":"n8n-nodes-base.if","nodeName":"If","nodeId":"fd7b905a-e115-4c0e-90cd-365c93fdca41"}}
{"__type":"$$EventMessageConfirm","confirm":"ed33d1bb-a6e6-4101-995d-1de433c49786","ts":"2025-08-10T14:53:21.040-04:00","source":{"id":"0","name":"eventBus"}}
{"__type":"$$EventMessageNode","id":"0f621a58-9fce-49ac-9c39-1123635f2e67","ts":"2025-08-10T14:53:21.043-04:00","eventName":"n8n.node.started","message":"n8n.node.started","payload":{"workflowId":"MfkvHDFxwlaiV0W1","workflowName":"Recepcionista","executionId":"540","nodeType":"n8n-nodes-base.postgres","nodeName":"Atualizador de status","nodeId":"eea3eda1-9f6c-45fe-852e-925d890febac"}}
{"__type":"$$EventMessageConfirm","confirm":"0f621a58-9fce-49ac-9c39-1123635f2e67","ts":"2025-08-10T14:53:21.044-04:00","source":{"id":"0","name":"eventBus"}}
{"__type":"$$EventMessageWorkflow","id":"358b0c73-ffc0-4239-a37f-8e1326928913","ts":"2025-08-10T14:53:21.143-04:00","eventName":"n8n.workflow.started","message":"n8n.workflow.started","payload":{"executionId":"541","workflowId":"MfkvHDFxwlaiV0W1","isManual":false,"workflowName":"Recepcionista"}}
{"__type":"$$EventMessageConfirm","confirm":"358b0c73-ffc0-4239-a37f-8e1326928913","ts":"2025-08-10T14:53:21.144-04:00","source":{"id":"0","name":"eventBus"}}
{"__type":"$$EventMessageNode","id":"f7e266cf-098d-4d17-b201-ce01b93efdd1","ts":"2025-08-10T14:53:21.145-04:00","eventName":"n8n.node.started","message":"n8n.node.started","payload":{"workflowId":"MfkvHDFxwlaiV0W1","workflowName":"Recepcionista","executionId":"541","nodeType":"n8n-nodes-base.webhook","nodeName":"Webhook","nodeId":"e58d8423-5ffa-4848-a70c-dc0e3f4ca9e1"}}
{"__type":"$$EventMessageConfirm","confirm":"f7e266cf-098d-4d17-b201-ce01b93efdd1","ts":"2025-08-10T14:53:21.146-04:00","source":{"id":"0","name":"eventBus"}}
{"__type":"$$EventMessageNode","id":"1a75de63-d964-463c-9ffe-cff4f0b5f739","ts":"2025-08-10T14:53:21.147-04:00","eventName":"n8n.node.finished","message":"n8n.node.finished","payload":{"workflowId":"MfkvHDFxwlaiV0W1","workflowName":"Recepcionista","executionId":"541","nodeType":"n8n-nodes-base.webhook","nodeName":"Webhook","nodeId":"e58d8423-5ffa-4848-a70c-dc0e3f4ca9e1"}}
{"__type":"$$EventMessageConfirm","confirm":"1a75de63-d964-463c-9ffe-cff4f0b5f739","ts":"2025-08-10T14:53:21.148-04:00","source":{"id":"0","name":"eventBus"}}
{"__type":"$$EventMessageNode","id":"b48de4e2-17c3-4e2f-b111-ae6aa60f08e8","ts":"2025-08-10T14:53:21.149-04:00","eventName":"n8n.node.started","message":"n8n.node.started","payload":{"workflowId":"MfkvHDFxwlaiV0W1","workflowName":"Recepcionista","executionId":"541","nodeType":"n8n-nodes-base.postgres","nodeName":"Select rows from a table","nodeId":"ea1b13be-70ba-482b-883a-91484f141192"}}
{"__type":"$$EventMessageConfirm","confirm":"b48de4e2-17c3-4e2f-b111-ae6aa60f08e8","ts":"2025-08-10T14:53:21.151-04:00","source":{"id":"0","name":"eventBus"}}
{"__type":"$$EventMessageNode","id":"e34f5d2c-dd03-478a-a445-f347535092e4","ts":"2025-08-10T14:53:21.188-04:00","eventName":"n8n.node.finished","message":"n8n.node.finished","payload":{"workflowId":"MfkvHDFxwlaiV0W1","workflowName":"Recepcionista","executionId":"540","nodeType":"n8n-nodes-base.postgres","nodeName":"Atualizador de status","nodeId":"eea3eda1-9f6c-45fe-852e-925d890febac"}}
{"__type":"$$EventMessageConfirm","confirm":"e34f5d2c-dd03-478a-a445-f347535092e4","ts":"2025-08-10T14:53:21.192-04:00","source":{"id":"0","name":"eventBus"}}
{"__type":"$$EventMessageNode","id":"0c215448-2631-4f6a-ae5f-947671859ca2","ts":"2025-08-10T14:53:21.195-04:00","eventName":"n8n.node.started","message":"n8n.node.started","payload":{"workflowId":"MfkvHDFxwlaiV0W1","workflowName":"Recepcionista","executionId":"540","nodeType":"n8n-nodes-base.postgres","nodeName":"Tradutor ID Dentistas","nodeId":"dd3fc8ad-e9dc-4993-a331-3d381c58082c"}}
{"__type":"$$EventMessageConfirm","confirm":"0c215448-2631-4f6a-ae5f-947671859ca2","ts":"2025-08-10T14:53:21.195-04:00","source":{"id":"0","name":"eventBus"}}
{"__type":"$$EventMessageNode","id":"05ba6cfa-2efc-4152-a709-cf66b65fe5fb","ts":"2025-08-10T14:53:21.229-04:00","eventName":"n8n.node.finished","message":"n8n.node.finished","payload":{"workflowId":"MfkvHDFxwlaiV0W1","workflowName":"Recepcionista","executionId":"540","nodeType":"n8n-nodes-base.postgres","nodeName":"Tradutor ID Dentistas","nodeId":"dd3fc8ad-e9dc-4993-a331-3d381c58082c"}}
{"__type":"$$EventMessageConfirm","confirm":"05ba6cfa-2efc-4152-a709-cf66b65fe5fb","ts":"2025-08-10T14:53:21.231-04:00","source":{"id":"0","name":"eventBus"}}
{"__type":"$$EventMessageNode","id":"49f22726-200a-47e9-9f5c-62f9c1f6d658","ts":"2025-08-10T14:53:21.233-04:00","eventName":"n8n.node.started","message":"n8n.node.started","payload":{"workflowId":"MfkvHDFxwlaiV0W1","workflowName":"Recepcionista","executionId":"540","nodeType":"n8n-nodes-base.postgres","nodeName":"Tradutor ID Procedimentos","nodeId":"703c8120-187c-45e8-931a-0f9a867d7cf2"}}
{"__type":"$$EventMessageConfirm","confirm":"49f22726-200a-47e9-9f5c-62f9c1f6d658","ts":"2025-08-10T14:53:21.234-04:00","source":{"id":"0","name":"eventBus"}}
{"__type":"$$EventMessageNode","id":"726afcfc-b791-43f8-b41e-b44773084c7d","ts":"2025-08-10T14:53:21.272-04:00","eventName":"n8n.node.finished","message":"n8n.node.finished","payload":{"workflowId":"MfkvHDFxwlaiV0W1","workflowName":"Recepcionista","executionId":"540","nodeType":"n8n-nodes-base.postgres","nodeName":"Tradutor ID Procedimentos","nodeId":"703c8120-187c-45e8-931a-0f9a867d7cf2"}}
{"__type":"$$EventMessageConfirm","confirm":"726afcfc-b791-43f8-b41e-b44773084c7d","ts":"2025-08-10T14:53:21.273-04:00","source":{"id":"0","name":"eventBus"}}
{"__type":"$$EventMessageNode","id":"97536eea-77fc-467f-8086-def3eec01a7b","ts":"2025-08-10T14:53:21.274-04:00","eventName":"n8n.node.started","message":"n8n.node.started","payload":{"workflowId":"MfkvHDFxwlaiV0W1","workflowName":"Recepcionista","executionId":"540","nodeType":"n8n-nodes-base.postgres","nodeName":"Tradutor ID Convênios","nodeId":"443f1a2e-a036-4db1-b937-c254513d5412"}}
{"__type":"$$EventMessageConfirm","confirm":"97536eea-77fc-467f-8086-def3eec01a7b","ts":"2025-08-10T14:53:21.275-04:00","source":{"id":"0","name":"eventBus"}}
{"__type":"$$EventMessageNode","id":"cd4e3aba-6126-414c-ade8-20decd8757be","ts":"2025-08-10T14:53:21.301-04:00","eventName":"n8n.node.finished","message":"n8n.node.finished","payload":{"workflowId":"MfkvHDFxwlaiV0W1","workflowName":"Recepcionista","executionId":"541","nodeType":"n8n-nodes-base.postgres","nodeName":"Select rows from a table","nodeId":"ea1b13be-70ba-482b-883a-91484f141192"}}
{"__type":"$$EventMessageConfirm","confirm":"cd4e3aba-6126-414c-ade8-20decd8757be","ts":"2025-08-10T14:53:21.307-04:00","source":{"id":"0","name":"eventBus"}}
{"__type":"$$EventMessageNode","id":"43814e85-e110-4052-a0a0-7920c59374d1","ts":"2025-08-10T14:53:21.308-04:00","eventName":"n8n.node.started","message":"n8n.node.started","payload":{"workflowId":"MfkvHDFxwlaiV0W1","workflowName":"Recepcionista","executionId":"541","nodeType":"n8n-nodes-base.if","nodeName":"If2","nodeId":"33c754fa-de07-4be3-99f0-8858289b77d5"}}
{"__type":"$$EventMessageConfirm","confirm":"43814e85-e110-4052-a0a0-7920c59374d1","ts":"2025-08-10T14:53:21.309-04:00","source":{"id":"0","name":"eventBus"}}
{"__type":"$$EventMessageNode","id":"06374de0-af7b-4464-a9f9-47dfce14fc0d","ts":"2025-08-10T14:53:21.313-04:00","eventName":"n8n.node.finished","message":"n8n.node.finished","payload":{"workflowId":"MfkvHDFxwlaiV0W1","workflowName":"Recepcionista","executionId":"541","nodeType":"n8n-nodes-base.if","nodeName":"If2","nodeId":"33c754fa-de07-4be3-99f0-8858289b77d5"}}
{"__type":"$$EventMessageConfirm","confirm":"06374de0-af7b-4464-a9f9-47dfce14fc0d","ts":"2025-08-10T14:53:21.314-04:00","source":{"id":"0","name":"eventBus"}}
{"__type":"$$EventMessageNode","id":"31f28380-6c26-48ac-a82c-8a8b63c7e6b8","ts":"2025-08-10T14:53:21.315-04:00","eventName":"n8n.node.started","message":"n8n.node.started","payload":{"workflowId":"MfkvHDFxwlaiV0W1","workflowName":"Recepcionista","executionId":"541","nodeType":"n8n-nodes-base.if","nodeName":"If","nodeId":"fd7b905a-e115-4c0e-90cd-365c93fdca41"}}
{"__type":"$$EventMessageConfirm","confirm":"31f28380-6c26-48ac-a82c-8a8b63c7e6b8","ts":"2025-08-10T14:53:21.317-04:00","source":{"id":"0","name":"eventBus"}}
{"__type":"$$EventMessageNode","id":"5eea5a32-9534-4d70-8ffa-c8c15c83d193","ts":"2025-08-10T14:53:21.329-04:00","eventName":"n8n.node.finished","message":"n8n.node.finished","payload":{"workflowId":"MfkvHDFxwlaiV0W1","workflowName":"Recepcionista","executionId":"541","nodeType":"n8n-nodes-base.if","nodeName":"If","nodeId":"fd7b905a-e115-4c0e-90cd-365c93fdca41"}}
{"__type":"$$EventMessageConfirm","confirm":"5eea5a32-9534-4d70-8ffa-c8c15c83d193","ts":"2025-08-10T14:53:21.341-04:00","source":{"id":"0","name":"eventBus"}}
{"__type":"$$EventMessageNode","id":"3100f155-2322-455d-b856-367a2292cafc","ts":"2025-08-10T14:53:21.342-04:00","eventName":"n8n.node.started","message":"n8n.node.started","payload":{"workflowId":"MfkvHDFxwlaiV0W1","workflowName":"Recepcionista","executionId":"541","nodeType":"n8n-nodes-base.postgres","nodeName":"Atualizador de status","nodeId":"eea3eda1-9f6c-45fe-852e-925d890febac"}}
{"__type":"$$EventMessageConfirm","confirm":"3100f155-2322-455d-b856-367a2292cafc","ts":"2025-08-10T14:53:21.344-04:00","source":{"id":"0","name":"eventBus"}}
{"__type":"$$EventMessageNode","id":"c0999297-a6af-42dd-b119-84e1b60623c1","ts":"2025-08-10T14:53:21.351-04:00","eventName":"n8n.node.finished","message":"n8n.node.finished","payload":{"workflowId":"MfkvHDFxwlaiV0W1","workflowName":"Recepcionista","executionId":"540","nodeType":"n8n-nodes-base.postgres","nodeName":"Tradutor ID Convênios","nodeId":"443f1a2e-a036-4db1-b937-c254513d5412"}}
{"__type":"$$EventMessageConfirm","confirm":"c0999297-a6af-42dd-b119-84e1b60623c1","ts":"2025-08-10T14:53:21.352-04:00","source":{"id":"0","name":"eventBus"}}
{"__type":"$$EventMessageNode","id":"09eecd87-c43f-43dd-8a70-c43f4075d4b3","ts":"2025-08-10T14:53:21.361-04:00","eventName":"n8n.node.started","message":"n8n.node.started","payload":{"workflowId":"MfkvHDFxwlaiV0W1","workflowName":"Recepcionista","executionId":"540","nodeType":"n8n-nodes-base.postgres","nodeName":"Recupera nome do paciente","nodeId":"3a40df97-4d07-4b51-a879-16042b6cd090"}}
{"__type":"$$EventMessageConfirm","confirm":"09eecd87-c43f-43dd-8a70-c43f4075d4b3","ts":"2025-08-10T14:53:21.362-04:00","source":{"id":"0","name":"eventBus"}}
{"__type":"$$EventMessageNode","id":"b0dfd91d-ec4f-45c8-8af0-c81bca6eeb7c","ts":"2025-08-10T14:53:21.431-04:00","eventName":"n8n.node.finished","message":"n8n.node.finished","payload":{"workflowId":"MfkvHDFxwlaiV0W1","workflowName":"Recepcionista","executionId":"540","nodeType":"n8n-nodes-base.postgres","nodeName":"Recupera nome do paciente","nodeId":"3a40df97-4d07-4b51-a879-16042b6cd090"}}
{"__type":"$$EventMessageConfirm","confirm":"b0dfd91d-ec4f-45c8-8af0-c81bca6eeb7c","ts":"2025-08-10T14:53:21.433-04:00","source":{"id":"0","name":"eventBus"}}
{"__type":"$$EventMessageNode","id":"9147bc26-63e2-4dfe-9920-99c5f32d2b4c","ts":"2025-08-10T14:53:21.437-04:00","eventName":"n8n.node.started","message":"n8n.node.started","payload":{"workflowId":"MfkvHDFxwlaiV0W1","workflowName":"Recepcionista","executionId":"540","nodeType":"n8n-nodes-base.googleSheets","nodeName":"Atualizador de status1","nodeId":"db46673f-65bd-4c1f-953b-813243ed509b"}}
{"__type":"$$EventMessageConfirm","confirm":"9147bc26-63e2-4dfe-9920-99c5f32d2b4c","ts":"2025-08-10T14:53:21.438-04:00","source":{"id":"0","name":"eventBus"}}
{"__type":"$$EventMessageNode","id":"52935e76-e313-485b-951a-f68782f5fcfb","ts":"2025-08-10T14:53:21.484-04:00","eventName":"n8n.node.finished","message":"n8n.node.finished","payload":{"workflowId":"MfkvHDFxwlaiV0W1","workflowName":"Recepcionista","executionId":"541","nodeType":"n8n-nodes-base.postgres","nodeName":"Atualizador de status","nodeId":"eea3eda1-9f6c-45fe-852e-925d890febac"}}
{"__type":"$$EventMessageConfirm","confirm":"52935e76-e313-485b-951a-f68782f5fcfb","ts":"2025-08-10T14:53:21.485-04:00","source":{"id":"0","name":"eventBus"}}
{"__type":"$$EventMessageNode","id":"c8ef5c38-638a-4347-b490-23168e8051d6","ts":"2025-08-10T14:53:21.486-04:00","eventName":"n8n.node.started","message":"n8n.node.started","payload":{"workflowId":"MfkvHDFxwlaiV0W1","workflowName":"Recepcionista","executionId":"541","nodeType":"n8n-nodes-base.postgres","nodeName":"Tradutor ID Dentistas","nodeId":"dd3fc8ad-e9dc-4993-a331-3d381c58082c"}}
{"__type":"$$EventMessageConfirm","confirm":"c8ef5c38-638a-4347-b490-23168e8051d6","ts":"2025-08-10T14:53:21.497-04:00","source":{"id":"0","name":"eventBus"}}
{"__type":"$$EventMessageNode","id":"7308bde4-3eb7-4317-b63a-a499b85b305c","ts":"2025-08-10T14:53:21.529-04:00","eventName":"n8n.node.finished","message":"n8n.node.finished","payload":{"workflowId":"MfkvHDFxwlaiV0W1","workflowName":"Recepcionista","executionId":"541","nodeType":"n8n-nodes-base.postgres","nodeName":"Tradutor ID Dentistas","nodeId":"dd3fc8ad-e9dc-4993-a331-3d381c58082c"}}
{"__type":"$$EventMessageConfirm","confirm":"7308bde4-3eb7-4317-b63a-a499b85b305c","ts":"2025-08-10T14:53:21.530-04:00","source":{"id":"0","name":"eventBus"}}
{"__type":"$$EventMessageNode","id":"0c4d2b3e-ebff-44a0-b888-000c5555ef09","ts":"2025-08-10T14:53:21.531-04:00","eventName":"n8n.node.started","message":"n8n.node.started","payload":{"workflowId":"MfkvHDFxwlaiV0W1","workflowName":"Recepcionista","executionId":"541","nodeType":"n8n-nodes-base.postgres","nodeName":"Tradutor ID Procedimentos","nodeId":"703c8120-187c-45e8-931a-0f9a867d7cf2"}}
{"__type":"$$EventMessageConfirm","confirm":"0c4d2b3e-ebff-44a0-b888-000c5555ef09","ts":"2025-08-10T14:53:21.532-04:00","source":{"id":"0","name":"eventBus"}}
{"__type":"$$EventMessageNode","id":"da49b3a7-e192-43c1-8489-08d638b8a0f2","ts":"2025-08-10T14:53:21.560-04:00","eventName":"n8n.node.finished","message":"n8n.node.finished","payload":{"workflowId":"MfkvHDFxwlaiV0W1","workflowName":"Recepcionista","executionId":"541","nodeType":"n8n-nodes-base.postgres","nodeName":"Tradutor ID Procedimentos","nodeId":"703c8120-187c-45e8-931a-0f9a867d7cf2"}}
{"__type":"$$EventMessageConfirm","confirm":"da49b3a7-e192-43c1-8489-08d638b8a0f2","ts":"2025-08-10T14:53:21.561-04:00","source":{"id":"0","name":"eventBus"}}
{"__type":"$$EventMessageNode","id":"7dd89db1-5311-4453-ac72-4c3df74aaad8","ts":"2025-08-10T14:53:21.562-04:00","eventName":"n8n.node.started","message":"n8n.node.started","payload":{"workflowId":"MfkvHDFxwlaiV0W1","workflowName":"Recepcionista","executionId":"541","nodeType":"n8n-nodes-base.postgres","nodeName":"Tradutor ID Convênios","nodeId":"443f1a2e-a036-4db1-b937-c254513d5412"}}
{"__type":"$$EventMessageConfirm","confirm":"7dd89db1-5311-4453-ac72-4c3df74aaad8","ts":"2025-08-10T14:53:21.563-04:00","source":{"id":"0","name":"eventBus"}}
{"__type":"$$EventMessageNode","id":"419ce390-92cc-4cdd-bd01-1953a6d8f7ad","ts":"2025-08-10T14:53:21.610-04:00","eventName":"n8n.node.finished","message":"n8n.node.finished","payload":{"workflowId":"MfkvHDFxwlaiV0W1","workflowName":"Recepcionista","executionId":"541","nodeType":"n8n-nodes-base.postgres","nodeName":"Tradutor ID Convênios","nodeId":"443f1a2e-a036-4db1-b937-c254513d5412"}}
{"__type":"$$EventMessageConfirm","confirm":"419ce390-92cc-4cdd-bd01-1953a6d8f7ad","ts":"2025-08-10T14:53:21.611-04:00","source":{"id":"0","name":"eventBus"}}
{"__type":"$$EventMessageNode","id":"3e83c7ee-99c1-4f67-95b1-7ef55517882c","ts":"2025-08-10T14:53:21.612-04:00","eventName":"n8n.node.started","message":"n8n.node.started","payload":{"workflowId":"MfkvHDFxwlaiV0W1","workflowName":"Recepcionista","executionId":"541","nodeType":"n8n-nodes-base.postgres","nodeName":"Recupera nome do paciente","nodeId":"3a40df97-4d07-4b51-a879-16042b6cd090"}}
{"__type":"$$EventMessageConfirm","confirm":"3e83c7ee-99c1-4f67-95b1-7ef55517882c","ts":"2025-08-10T14:53:21.613-04:00","source":{"id":"0","name":"eventBus"}}
{"__type":"$$EventMessageNode","id":"9a2cf198-81fb-43b1-a801-5a98560cb8dc","ts":"2025-08-10T14:53:21.640-04:00","eventName":"n8n.node.finished","message":"n8n.node.finished","payload":{"workflowId":"MfkvHDFxwlaiV0W1","workflowName":"Recepcionista","executionId":"541","nodeType":"n8n-nodes-base.postgres","nodeName":"Recupera nome do paciente","nodeId":"3a40df97-4d07-4b51-a879-16042b6cd090"}}
{"__type":"$$EventMessageConfirm","confirm":"9a2cf198-81fb-43b1-a801-5a98560cb8dc","ts":"2025-08-10T14:53:21.641-04:00","source":{"id":"0","name":"eventBus"}}
{"__type":"$$EventMessageNode","id":"219b02e2-4403-408d-8693-985ce0872477","ts":"2025-08-10T14:53:21.642-04:00","eventName":"n8n.node.started","message":"n8n.node.started","payload":{"workflowId":"MfkvHDFxwlaiV0W1","workflowName":"Recepcionista","executionId":"541","nodeType":"n8n-nodes-base.googleSheets","nodeName":"Atualizador de status1","nodeId":"db46673f-65bd-4c1f-953b-813243ed509b"}}
{"__type":"$$EventMessageConfirm","confirm":"219b02e2-4403-408d-8693-985ce0872477","ts":"2025-08-10T14:53:21.643-04:00","source":{"id":"0","name":"eventBus"}}
{"__type":"$$EventMessageNode","id":"0d1c8a55-bb31-4e0e-bcbe-717d0ecc9155","ts":"2025-08-10T14:53:22.806-04:00","eventName":"n8n.node.finished","message":"n8n.node.finished","payload":{"workflowId":"MfkvHDFxwlaiV0W1","workflowName":"Recepcionista","executionId":"540","nodeType":"n8n-nodes-base.googleSheets","nodeName":"Atualizador de status1","nodeId":"db46673f-65bd-4c1f-953b-813243ed509b"}}
{"__type":"$$EventMessageConfirm","confirm":"0d1c8a55-bb31-4e0e-bcbe-717d0ecc9155","ts":"2025-08-10T14:53:22.807-04:00","source":{"id":"0","name":"eventBus"}}
{"__type":"$$EventMessageNode","id":"a9ecb662-2860-4108-a0f4-dc64d6eb97d0","ts":"2025-08-10T14:53:22.808-04:00","eventName":"n8n.node.started","message":"n8n.node.started","payload":{"workflowId":"MfkvHDFxwlaiV0W1","workflowName":"Recepcionista","executionId":"540","nodeType":"n8n-nodes-base.googleCalendar","nodeName":"Update an event","nodeId":"0afcca75-f4b2-4a6b-8a99-062d16009596"}}
{"__type":"$$EventMessageConfirm","confirm":"a9ecb662-2860-4108-a0f4-dc64d6eb97d0","ts":"2025-08-10T14:53:22.809-04:00","source":{"id":"0","name":"eventBus"}}
{"__type":"$$EventMessageNode","id":"3bb25806-b521-465f-be34-98abdc0bc123","ts":"2025-08-10T14:53:22.974-04:00","eventName":"n8n.node.finished","message":"n8n.node.finished","payload":{"workflowId":"MfkvHDFxwlaiV0W1","workflowName":"Recepcionista","executionId":"541","nodeType":"n8n-nodes-base.googleSheets","nodeName":"Atualizador de status1","nodeId":"db46673f-65bd-4c1f-953b-813243ed509b"}}
{"__type":"$$EventMessageConfirm","confirm":"3bb25806-b521-465f-be34-98abdc0bc123","ts":"2025-08-10T14:53:22.975-04:00","source":{"id":"0","name":"eventBus"}}
{"__type":"$$EventMessageNode","id":"2367a6ef-ce0d-47d9-82be-2c3bc134ab48","ts":"2025-08-10T14:53:22.976-04:00","eventName":"n8n.node.started","message":"n8n.node.started","payload":{"workflowId":"MfkvHDFxwlaiV0W1","workflowName":"Recepcionista","executionId":"541","nodeType":"n8n-nodes-base.googleCalendar","nodeName":"Update an event","nodeId":"0afcca75-f4b2-4a6b-8a99-062d16009596"}}
{"__type":"$$EventMessageConfirm","confirm":"2367a6ef-ce0d-47d9-82be-2c3bc134ab48","ts":"2025-08-10T14:53:22.977-04:00","source":{"id":"0","name":"eventBus"}}
{"__type":"$$EventMessageNode","id":"cbd9fb30-db04-4e89-beaa-69e6dc9cad48","ts":"2025-08-10T14:53:23.597-04:00","eventName":"n8n.node.finished","message":"n8n.node.finished","payload":{"workflowId":"MfkvHDFxwlaiV0W1","workflowName":"Recepcionista","executionId":"540","nodeType":"n8n-nodes-base.googleCalendar","nodeName":"Update an event","nodeId":"0afcca75-f4b2-4a6b-8a99-062d16009596"}}
{"__type":"$$EventMessageConfirm","confirm":"cbd9fb30-db04-4e89-beaa-69e6dc9cad48","ts":"2025-08-10T14:53:23.598-04:00","source":{"id":"0","name":"eventBus"}}
{"__type":"$$EventMessageNode","id":"3b479690-5ec5-4355-85c4-556c23ce30c4","ts":"2025-08-10T14:53:23.607-04:00","eventName":"n8n.node.started","message":"n8n.node.started","payload":{"workflowId":"MfkvHDFxwlaiV0W1","workflowName":"Recepcionista","executionId":"540","nodeType":"n8n-nodes-base.if","nodeName":"If1","nodeId":"de5ec208-a074-45fd-8752-49b9581cc7e9"}}
{"__type":"$$EventMessageConfirm","confirm":"3b479690-5ec5-4355-85c4-556c23ce30c4","ts":"2025-08-10T14:53:23.614-04:00","source":{"id":"0","name":"eventBus"}}
{"__type":"$$EventMessageNode","id":"5d3cdab6-27cc-442e-a2b9-0dbc4b75503f","ts":"2025-08-10T14:53:23.657-04:00","eventName":"n8n.node.finished","message":"n8n.node.finished","payload":{"workflowId":"MfkvHDFxwlaiV0W1","workflowName":"Recepcionista","executionId":"540","nodeType":"n8n-nodes-base.if","nodeName":"If1","nodeId":"de5ec208-a074-45fd-8752-49b9581cc7e9"}}
{"__type":"$$EventMessageConfirm","confirm":"5d3cdab6-27cc-442e-a2b9-0dbc4b75503f","ts":"2025-08-10T14:53:23.657-04:00","source":{"id":"0","name":"eventBus"}}
{"__type":"$$EventMessageNode","id":"05290fc0-478e-4646-b866-1f54f5039cf1","ts":"2025-08-10T14:53:23.667-04:00","eventName":"n8n.node.started","message":"n8n.node.started","payload":{"workflowId":"MfkvHDFxwlaiV0W1","workflowName":"Recepcionista","executionId":"540","nodeType":"n8n-nodes-base.respondToWebhook","nodeName":"Respond to Webhook","nodeId":"e7d90905-7f89-42e1-a68e-fbac41eb0cc0"}}
{"__type":"$$EventMessageConfirm","confirm":"05290fc0-478e-4646-b866-1f54f5039cf1","ts":"2025-08-10T14:53:23.668-04:00","source":{"id":"0","name":"eventBus"}}
{"__type":"$$EventMessageNode","id":"45be554b-c62c-49f4-9f21-e64dba9ceb7b","ts":"2025-08-10T14:53:23.685-04:00","eventName":"n8n.node.finished","message":"n8n.node.finished","payload":{"workflowId":"MfkvHDFxwlaiV0W1","workflowName":"Recepcionista","executionId":"540","nodeType":"n8n-nodes-base.respondToWebhook","nodeName":"Respond to Webhook","nodeId":"e7d90905-7f89-42e1-a68e-fbac41eb0cc0"}}
{"__type":"$$EventMessageConfirm","confirm":"45be554b-c62c-49f4-9f21-e64dba9ceb7b","ts":"2025-08-10T14:53:23.685-04:00","source":{"id":"0","name":"eventBus"}}
{"__type":"$$EventMessageNode","id":"c37b91c0-57d2-4930-8358-ab3f965313c7","ts":"2025-08-10T14:53:23.688-04:00","eventName":"n8n.node.started","message":"n8n.node.started","payload":{"workflowId":"MfkvHDFxwlaiV0W1","workflowName":"Recepcionista","executionId":"540","nodeType":"n8n-nodes-base.set","nodeName":"Edit Fields","nodeId":"cfdf8431-532b-404a-a41a-99834e909e40"}}
{"__type":"$$EventMessageConfirm","confirm":"c37b91c0-57d2-4930-8358-ab3f965313c7","ts":"2025-08-10T14:53:23.698-04:00","source":{"id":"0","name":"eventBus"}}
{"__type":"$$EventMessageNode","id":"338ef00d-478b-44a2-a014-940b8d17e724","ts":"2025-08-10T14:53:23.713-04:00","eventName":"n8n.node.finished","message":"n8n.node.finished","payload":{"workflowId":"MfkvHDFxwlaiV0W1","workflowName":"Recepcionista","executionId":"540","nodeType":"n8n-nodes-base.set","nodeName":"Edit Fields","nodeId":"cfdf8431-532b-404a-a41a-99834e909e40"}}
{"__type":"$$EventMessageConfirm","confirm":"338ef00d-478b-44a2-a014-940b8d17e724","ts":"2025-08-10T14:53:23.714-04:00","source":{"id":"0","name":"eventBus"}}
{"__type":"$$EventMessageWorkflow","id":"e12f3880-5e6e-4acc-8551-5a58fc443c7f","ts":"2025-08-10T14:53:23.715-04:00","eventName":"n8n.workflow.success","message":"n8n.workflow.success","payload":{"executionId":"540","success":true,"isManual":false,"workflowId":"MfkvHDFxwlaiV0W1","workflowName":"Recepcionista"}}
{"__type":"$$EventMessageConfirm","confirm":"e12f3880-5e6e-4acc-8551-5a58fc443c7f","ts":"2025-08-10T14:53:23.716-04:00","source":{"id":"0","name":"eventBus"}}
{"__type":"$$EventMessageNode","id":"9277fe11-4a25-4596-8483-e2f3fa709cfe","ts":"2025-08-10T14:53:23.858-04:00","eventName":"n8n.node.finished","message":"n8n.node.finished","payload":{"workflowId":"MfkvHDFxwlaiV0W1","workflowName":"Recepcionista","executionId":"541","nodeType":"n8n-nodes-base.googleCalendar","nodeName":"Update an event","nodeId":"0afcca75-f4b2-4a6b-8a99-062d16009596"}}
{"__type":"$$EventMessageConfirm","confirm":"9277fe11-4a25-4596-8483-e2f3fa709cfe","ts":"2025-08-10T14:53:23.860-04:00","source":{"id":"0","name":"eventBus"}}
{"__type":"$$EventMessageWorkflow","id":"51debcc0-0a40-4b13-8d2e-766494d3786f","ts":"2025-08-10T14:53:23.862-04:00","eventName":"n8n.workflow.failed","message":"n8n.workflow.failed","payload":{"executionId":"541","success":false,"isManual":false,"workflowId":"MfkvHDFxwlaiV0W1","workflowName":"Recepcionista","lastNodeExecuted":"Update an event","errorNodeType":"n8n-nodes-base.googleCalendar","errorMessage":"Forbidden - perhaps check your credentials?"}}
{"__type":"$$EventMessageConfirm","confirm":"51debcc0-0a40-4b13-8d2e-766494d3786f","ts":"2025-08-10T14:53:23.863-04:00","source":{"id":"0","name":"eventBus"}}
